[0830/124540.165:INFO:CONSOLE(20)] "UserManager.getUser: user not found in storage", source: https://ambev.checkmarx.net/CxWebClient/webApp/Scripts/libs/authenticationScripts?v=D6en8B9ViadcN2A9dqj2IBDwqHwJUo9FMotkCC5Q63E1 (20)
[0830/124540.165:INFO:CONSOLE(20)] "UserManager.getUser: user not found in storage", source: https://ambev.checkmarx.net/CxWebClient/webApp/Scripts/libs/authenticationScripts?v=D6en8B9ViadcN2A9dqj2IBDwqHwJUo9FMotkCC5Q63E1 (20)
[0830/124540.165:INFO:CONSOLE(253)] "try connecting to AC", source: https://ambev.checkmarx.net/CxWebClient/webApp/Scripts/libs/authenticationScripts?v=D6en8B9ViadcN2A9dqj2IBDwqHwJUo9FMotkCC5Q63E1 (253)
[0830/124540.338:INFO:CONSOLE(20)] "UserManager.signinRedirect: successful", source: https://ambev.checkmarx.net/CxWebClient/webApp/Scripts/libs/authenticationScripts?v=D6en8B9ViadcN2A9dqj2IBDwqHwJUo9FMotkCC5Q63E1 (20)
[0830/124540.342:INFO:CONSOLE(206)] "signinRedirect succeeded", source: https://ambev.checkmarx.net/CxWebClient/webApp/Scripts/libs/authenticationScripts?v=D6en8B9ViadcN2A9dqj2IBDwqHwJUo9FMotkCC5Q63E1 (206)
[0830/124543.714:INFO:CONSOLE(20)] "UserManager.getUser: user loaded", source: https://ambev.checkmarx.net/CxWebClient/webApp/Scripts/libs/authenticationScripts?v=D6en8B9ViadcN2A9dqj2IBDwqHwJUo9FMotkCC5Q63E1 (20)
[0830/124543.714:INFO:CONSOLE(20)] "UserManager.getUser: user loaded", source: https://ambev.checkmarx.net/CxWebClient/webApp/Scripts/libs/authenticationScripts?v=D6en8B9ViadcN2A9dqj2IBDwqHwJUo9FMotkCC5Q63E1 (20)
[0830/124543.714:INFO:CONSOLE(257)] "user is logged in", source: https://ambev.checkmarx.net/CxWebClient/webApp/Scripts/libs/authenticationScripts?v=D6en8B9ViadcN2A9dqj2IBDwqHwJUo9FMotkCC5Q63E1 (257)
[0830/124543.714:INFO:CONSOLE(259)] "startSessionTimer", source: https://ambev.checkmarx.net/CxWebClient/webApp/Scripts/libs/authenticationScripts?v=D6en8B9ViadcN2A9dqj2IBDwqHwJUo9FMotkCC5Q63E1 (259)
[0830/124544.206:INFO:CONSOLE(157)] "get sessionTimeout :57600", source: https://ambev.checkmarx.net/CxWebClient/webApp/Scripts/libs/authenticationScripts?v=D6en8B9ViadcN2A9dqj2IBDwqHwJUo9FMotkCC5Q63E1 (157)
[0830/124544.421:INFO:CONSOLE(1)] "ARM is not installed.", source: https://ambev.checkmarx.net/CxWebClient/portal/Scripts/portal?v=jOT8lxGGDkQUjJtEP36MN4AYLqsTTOfwho25xDCLwX81 (1)
[0830/124544.421:INFO:CONSOLE(1)] "ARM is not installed.", source: https://ambev.checkmarx.net/CxWebClient/portal/Scripts/portal?v=jOT8lxGGDkQUjJtEP36MN4AYLqsTTOfwho25xDCLwX81 (1)
[0830/124544.892:INFO:CONSOLE(20)] "UserManager.getUser: user loaded", source: https://ambev.checkmarx.net/CxWebClient/webApp/Scripts/libs/authenticationScripts?v=D6en8B9ViadcN2A9dqj2IBDwqHwJUo9FMotkCC5Q63E1 (20)
[0830/124544.892:INFO:CONSOLE(20)] "UserManager.getUser: user loaded", source: https://ambev.checkmarx.net/CxWebClient/webApp/Scripts/libs/authenticationScripts?v=D6en8B9ViadcN2A9dqj2IBDwqHwJUo9FMotkCC5Q63E1 (20)
[0830/124724.518:ERROR:gpu_init.cc(440)] Passthrough is not supported, GL is disabled, ANGLE is 
[0830/125106.754:INFO:CONSOLE(20)] "UserManager.getUser: user not found in storage", source: https://ambev.checkmarx.net/CxWebClient/webApp/Scripts/libs/authenticationScripts?v=D6en8B9ViadcN2A9dqj2IBDwqHwJUo9FMotkCC5Q63E1 (20)
[0830/125106.754:INFO:CONSOLE(20)] "UserManager.getUser: user not found in storage", source: https://ambev.checkmarx.net/CxWebClient/webApp/Scripts/libs/authenticationScripts?v=D6en8B9ViadcN2A9dqj2IBDwqHwJUo9FMotkCC5Q63E1 (20)
[0830/125106.754:INFO:CONSOLE(253)] "try connecting to AC", source: https://ambev.checkmarx.net/CxWebClient/webApp/Scripts/libs/authenticationScripts?v=D6en8B9ViadcN2A9dqj2IBDwqHwJUo9FMotkCC5Q63E1 (253)
[0830/125106.936:INFO:CONSOLE(20)] "UserManager.signinRedirect: successful", source: https://ambev.checkmarx.net/CxWebClient/webApp/Scripts/libs/authenticationScripts?v=D6en8B9ViadcN2A9dqj2IBDwqHwJUo9FMotkCC5Q63E1 (20)
[0830/125106.936:INFO:CONSOLE(206)] "signinRedirect succeeded", source: https://ambev.checkmarx.net/CxWebClient/webApp/Scripts/libs/authenticationScripts?v=D6en8B9ViadcN2A9dqj2IBDwqHwJUo9FMotkCC5Q63E1 (206)
[0830/125110.311:INFO:CONSOLE(20)] "UserManager.getUser: user loaded", source: https://ambev.checkmarx.net/CxWebClient/webApp/Scripts/libs/authenticationScripts?v=D6en8B9ViadcN2A9dqj2IBDwqHwJUo9FMotkCC5Q63E1 (20)
[0830/125110.311:INFO:CONSOLE(20)] "UserManager.getUser: user loaded", source: https://ambev.checkmarx.net/CxWebClient/webApp/Scripts/libs/authenticationScripts?v=D6en8B9ViadcN2A9dqj2IBDwqHwJUo9FMotkCC5Q63E1 (20)
[0830/125110.312:INFO:CONSOLE(257)] "user is logged in", source: https://ambev.checkmarx.net/CxWebClient/webApp/Scripts/libs/authenticationScripts?v=D6en8B9ViadcN2A9dqj2IBDwqHwJUo9FMotkCC5Q63E1 (257)
[0830/125110.312:INFO:CONSOLE(259)] "startSessionTimer", source: https://ambev.checkmarx.net/CxWebClient/webApp/Scripts/libs/authenticationScripts?v=D6en8B9ViadcN2A9dqj2IBDwqHwJUo9FMotkCC5Q63E1 (259)
[0830/125110.740:INFO:CONSOLE(157)] "get sessionTimeout :57600", source: https://ambev.checkmarx.net/CxWebClient/webApp/Scripts/libs/authenticationScripts?v=D6en8B9ViadcN2A9dqj2IBDwqHwJUo9FMotkCC5Q63E1 (157)
[0830/125110.950:INFO:CONSOLE(1)] "ARM is not installed.", source: https://ambev.checkmarx.net/CxWebClient/portal/Scripts/portal?v=jOT8lxGGDkQUjJtEP36MN4AYLqsTTOfwho25xDCLwX81 (1)
[0830/125110.950:INFO:CONSOLE(1)] "ARM is not installed.", source: https://ambev.checkmarx.net/CxWebClient/portal/Scripts/portal?v=jOT8lxGGDkQUjJtEP36MN4AYLqsTTOfwho25xDCLwX81 (1)
[0830/125111.409:INFO:CONSOLE(20)] "UserManager.getUser: user loaded", source: https://ambev.checkmarx.net/CxWebClient/webApp/Scripts/libs/authenticationScripts?v=D6en8B9ViadcN2A9dqj2IBDwqHwJUo9FMotkCC5Q63E1 (20)
[0830/125111.409:INFO:CONSOLE(20)] "UserManager.getUser: user loaded", source: https://ambev.checkmarx.net/CxWebClient/webApp/Scripts/libs/authenticationScripts?v=D6en8B9ViadcN2A9dqj2IBDwqHwJUo9FMotkCC5Q63E1 (20)
[0830/125605.135:INFO:CONSOLE(20)] "UserManager.getUser: user not found in storage", source: https://ambev.checkmarx.net/CxWebClient/webApp/Scripts/libs/authenticationScripts?v=D6en8B9ViadcN2A9dqj2IBDwqHwJUo9FMotkCC5Q63E1 (20)
[0830/125605.136:INFO:CONSOLE(20)] "UserManager.getUser: user not found in storage", source: https://ambev.checkmarx.net/CxWebClient/webApp/Scripts/libs/authenticationScripts?v=D6en8B9ViadcN2A9dqj2IBDwqHwJUo9FMotkCC5Q63E1 (20)
[0830/125605.136:INFO:CONSOLE(253)] "try connecting to AC", source: https://ambev.checkmarx.net/CxWebClient/webApp/Scripts/libs/authenticationScripts?v=D6en8B9ViadcN2A9dqj2IBDwqHwJUo9FMotkCC5Q63E1 (253)
[0830/125605.309:INFO:CONSOLE(20)] "UserManager.signinRedirect: successful", source: https://ambev.checkmarx.net/CxWebClient/webApp/Scripts/libs/authenticationScripts?v=D6en8B9ViadcN2A9dqj2IBDwqHwJUo9FMotkCC5Q63E1 (20)
[0830/125605.309:INFO:CONSOLE(206)] "signinRedirect succeeded", source: https://ambev.checkmarx.net/CxWebClient/webApp/Scripts/libs/authenticationScripts?v=D6en8B9ViadcN2A9dqj2IBDwqHwJUo9FMotkCC5Q63E1 (206)
[0830/125608.695:INFO:CONSOLE(20)] "UserManager.getUser: user loaded", source: https://ambev.checkmarx.net/CxWebClient/webApp/Scripts/libs/authenticationScripts?v=D6en8B9ViadcN2A9dqj2IBDwqHwJUo9FMotkCC5Q63E1 (20)
[0830/125608.695:INFO:CONSOLE(20)] "UserManager.getUser: user loaded", source: https://ambev.checkmarx.net/CxWebClient/webApp/Scripts/libs/authenticationScripts?v=D6en8B9ViadcN2A9dqj2IBDwqHwJUo9FMotkCC5Q63E1 (20)
[0830/125608.695:INFO:CONSOLE(257)] "user is logged in", source: https://ambev.checkmarx.net/CxWebClient/webApp/Scripts/libs/authenticationScripts?v=D6en8B9ViadcN2A9dqj2IBDwqHwJUo9FMotkCC5Q63E1 (257)
[0830/125608.695:INFO:CONSOLE(259)] "startSessionTimer", source: https://ambev.checkmarx.net/CxWebClient/webApp/Scripts/libs/authenticationScripts?v=D6en8B9ViadcN2A9dqj2IBDwqHwJUo9FMotkCC5Q63E1 (259)
[0830/125609.137:INFO:CONSOLE(157)] "get sessionTimeout :57600", source: https://ambev.checkmarx.net/CxWebClient/webApp/Scripts/libs/authenticationScripts?v=D6en8B9ViadcN2A9dqj2IBDwqHwJUo9FMotkCC5Q63E1 (157)
[0830/125609.360:INFO:CONSOLE(1)] "ARM is not installed.", source: https://ambev.checkmarx.net/CxWebClient/portal/Scripts/portal?v=jOT8lxGGDkQUjJtEP36MN4AYLqsTTOfwho25xDCLwX81 (1)
[0830/125609.360:INFO:CONSOLE(1)] "ARM is not installed.", source: https://ambev.checkmarx.net/CxWebClient/portal/Scripts/portal?v=jOT8lxGGDkQUjJtEP36MN4AYLqsTTOfwho25xDCLwX81 (1)
[0830/125609.859:INFO:CONSOLE(20)] "UserManager.getUser: user loaded", source: https://ambev.checkmarx.net/CxWebClient/webApp/Scripts/libs/authenticationScripts?v=D6en8B9ViadcN2A9dqj2IBDwqHwJUo9FMotkCC5Q63E1 (20)
[0830/125609.859:INFO:CONSOLE(20)] "UserManager.getUser: user loaded", source: https://ambev.checkmarx.net/CxWebClient/webApp/Scripts/libs/authenticationScripts?v=D6en8B9ViadcN2A9dqj2IBDwqHwJUo9FMotkCC5Q63E1 (20)
[0830/130018.880:INFO:CONSOLE(20)] "UserManager.getUser: user not found in storage", source: https://ambev.checkmarx.net/CxWebClient/webApp/Scripts/libs/authenticationScripts?v=D6en8B9ViadcN2A9dqj2IBDwqHwJUo9FMotkCC5Q63E1 (20)
[0830/130018.880:INFO:CONSOLE(20)] "UserManager.getUser: user not found in storage", source: https://ambev.checkmarx.net/CxWebClient/webApp/Scripts/libs/authenticationScripts?v=D6en8B9ViadcN2A9dqj2IBDwqHwJUo9FMotkCC5Q63E1 (20)
[0830/130018.880:INFO:CONSOLE(253)] "try connecting to AC", source: https://ambev.checkmarx.net/CxWebClient/webApp/Scripts/libs/authenticationScripts?v=D6en8B9ViadcN2A9dqj2IBDwqHwJUo9FMotkCC5Q63E1 (253)
[0830/130019.056:INFO:CONSOLE(20)] "UserManager.signinRedirect: successful", source: https://ambev.checkmarx.net/CxWebClient/webApp/Scripts/libs/authenticationScripts?v=D6en8B9ViadcN2A9dqj2IBDwqHwJUo9FMotkCC5Q63E1 (20)
[0830/130019.056:INFO:CONSOLE(206)] "signinRedirect succeeded", source: https://ambev.checkmarx.net/CxWebClient/webApp/Scripts/libs/authenticationScripts?v=D6en8B9ViadcN2A9dqj2IBDwqHwJUo9FMotkCC5Q63E1 (206)
[0830/130023.521:INFO:CONSOLE(20)] "UserManager.getUser: user loaded", source: https://ambev.checkmarx.net/CxWebClient/webApp/Scripts/libs/authenticationScripts?v=D6en8B9ViadcN2A9dqj2IBDwqHwJUo9FMotkCC5Q63E1 (20)
[0830/130023.521:INFO:CONSOLE(20)] "UserManager.getUser: user loaded", source: https://ambev.checkmarx.net/CxWebClient/webApp/Scripts/libs/authenticationScripts?v=D6en8B9ViadcN2A9dqj2IBDwqHwJUo9FMotkCC5Q63E1 (20)
[0830/130023.522:INFO:CONSOLE(257)] "user is logged in", source: https://ambev.checkmarx.net/CxWebClient/webApp/Scripts/libs/authenticationScripts?v=D6en8B9ViadcN2A9dqj2IBDwqHwJUo9FMotkCC5Q63E1 (257)
[0830/130023.522:INFO:CONSOLE(259)] "startSessionTimer", source: https://ambev.checkmarx.net/CxWebClient/webApp/Scripts/libs/authenticationScripts?v=D6en8B9ViadcN2A9dqj2IBDwqHwJUo9FMotkCC5Q63E1 (259)
[0830/130024.245:INFO:CONSOLE(157)] "get sessionTimeout :57600", source: https://ambev.checkmarx.net/CxWebClient/webApp/Scripts/libs/authenticationScripts?v=D6en8B9ViadcN2A9dqj2IBDwqHwJUo9FMotkCC5Q63E1 (157)
[0830/130024.351:INFO:CONSOLE(1)] "ARM is not installed.", source: https://ambev.checkmarx.net/CxWebClient/portal/Scripts/portal?v=jOT8lxGGDkQUjJtEP36MN4AYLqsTTOfwho25xDCLwX81 (1)
[0830/130024.352:INFO:CONSOLE(1)] "ARM is not installed.", source: https://ambev.checkmarx.net/CxWebClient/portal/Scripts/portal?v=jOT8lxGGDkQUjJtEP36MN4AYLqsTTOfwho25xDCLwX81 (1)
[0830/130024.869:INFO:CONSOLE(20)] "UserManager.getUser: user loaded", source: https://ambev.checkmarx.net/CxWebClient/webApp/Scripts/libs/authenticationScripts?v=D6en8B9ViadcN2A9dqj2IBDwqHwJUo9FMotkCC5Q63E1 (20)
[0830/130024.869:INFO:CONSOLE(20)] "UserManager.getUser: user loaded", source: https://ambev.checkmarx.net/CxWebClient/webApp/Scripts/libs/authenticationScripts?v=D6en8B9ViadcN2A9dqj2IBDwqHwJUo9FMotkCC5Q63E1 (20)
[0830/130202.597:ERROR:gpu_init.cc(440)] Passthrough is not supported, GL is disabled, ANGLE is 
[0830/130245.942:WARNING:frame_impl.cc(423)] SendProcessMessage sent to detached frame 17179869185 [4,1] will be ignored
[0830/130817.978:INFO:CONSOLE(20)] "UserManager.getUser: user not found in storage", source: https://ambev.checkmarx.net/CxWebClient/webApp/Scripts/libs/authenticationScripts?v=D6en8B9ViadcN2A9dqj2IBDwqHwJUo9FMotkCC5Q63E1 (20)
[0830/130817.979:INFO:CONSOLE(20)] "UserManager.getUser: user not found in storage", source: https://ambev.checkmarx.net/CxWebClient/webApp/Scripts/libs/authenticationScripts?v=D6en8B9ViadcN2A9dqj2IBDwqHwJUo9FMotkCC5Q63E1 (20)
[0830/130817.979:INFO:CONSOLE(253)] "try connecting to AC", source: https://ambev.checkmarx.net/CxWebClient/webApp/Scripts/libs/authenticationScripts?v=D6en8B9ViadcN2A9dqj2IBDwqHwJUo9FMotkCC5Q63E1 (253)
[0830/130818.148:INFO:CONSOLE(20)] "UserManager.signinRedirect: successful", source: https://ambev.checkmarx.net/CxWebClient/webApp/Scripts/libs/authenticationScripts?v=D6en8B9ViadcN2A9dqj2IBDwqHwJUo9FMotkCC5Q63E1 (20)
[0830/130818.148:INFO:CONSOLE(206)] "signinRedirect succeeded", source: https://ambev.checkmarx.net/CxWebClient/webApp/Scripts/libs/authenticationScripts?v=D6en8B9ViadcN2A9dqj2IBDwqHwJUo9FMotkCC5Q63E1 (206)
[0830/130821.586:INFO:CONSOLE(20)] "UserManager.getUser: user loaded", source: https://ambev.checkmarx.net/CxWebClient/webApp/Scripts/libs/authenticationScripts?v=D6en8B9ViadcN2A9dqj2IBDwqHwJUo9FMotkCC5Q63E1 (20)
[0830/130821.587:INFO:CONSOLE(20)] "UserManager.getUser: user loaded", source: https://ambev.checkmarx.net/CxWebClient/webApp/Scripts/libs/authenticationScripts?v=D6en8B9ViadcN2A9dqj2IBDwqHwJUo9FMotkCC5Q63E1 (20)
[0830/130821.587:INFO:CONSOLE(257)] "user is logged in", source: https://ambev.checkmarx.net/CxWebClient/webApp/Scripts/libs/authenticationScripts?v=D6en8B9ViadcN2A9dqj2IBDwqHwJUo9FMotkCC5Q63E1 (257)
[0830/130821.587:INFO:CONSOLE(259)] "startSessionTimer", source: https://ambev.checkmarx.net/CxWebClient/webApp/Scripts/libs/authenticationScripts?v=D6en8B9ViadcN2A9dqj2IBDwqHwJUo9FMotkCC5Q63E1 (259)
[0830/130822.091:INFO:CONSOLE(157)] "get sessionTimeout :57600", source: https://ambev.checkmarx.net/CxWebClient/webApp/Scripts/libs/authenticationScripts?v=D6en8B9ViadcN2A9dqj2IBDwqHwJUo9FMotkCC5Q63E1 (157)
[0830/130822.315:INFO:CONSOLE(1)] "ARM is not installed.", source: https://ambev.checkmarx.net/CxWebClient/portal/Scripts/portal?v=jOT8lxGGDkQUjJtEP36MN4AYLqsTTOfwho25xDCLwX81 (1)
[0830/130822.315:INFO:CONSOLE(1)] "ARM is not installed.", source: https://ambev.checkmarx.net/CxWebClient/portal/Scripts/portal?v=jOT8lxGGDkQUjJtEP36MN4AYLqsTTOfwho25xDCLwX81 (1)
[0830/130822.749:INFO:CONSOLE(20)] "UserManager.getUser: user loaded", source: https://ambev.checkmarx.net/CxWebClient/webApp/Scripts/libs/authenticationScripts?v=D6en8B9ViadcN2A9dqj2IBDwqHwJUo9FMotkCC5Q63E1 (20)
[0830/130822.749:INFO:CONSOLE(20)] "UserManager.getUser: user loaded", source: https://ambev.checkmarx.net/CxWebClient/webApp/Scripts/libs/authenticationScripts?v=D6en8B9ViadcN2A9dqj2IBDwqHwJUo9FMotkCC5Q63E1 (20)
[0830/131005.166:ERROR:gpu_init.cc(440)] Passthrough is not supported, GL is disabled, ANGLE is 
[0830/131250.193:INFO:CONSOLE(20)] "UserManager.getUser: user not found in storage", source: https://ambev.checkmarx.net/CxWebClient/webApp/Scripts/libs/authenticationScripts?v=D6en8B9ViadcN2A9dqj2IBDwqHwJUo9FMotkCC5Q63E1 (20)
[0830/131250.194:INFO:CONSOLE(20)] "UserManager.getUser: user not found in storage", source: https://ambev.checkmarx.net/CxWebClient/webApp/Scripts/libs/authenticationScripts?v=D6en8B9ViadcN2A9dqj2IBDwqHwJUo9FMotkCC5Q63E1 (20)
[0830/131250.194:INFO:CONSOLE(253)] "try connecting to AC", source: https://ambev.checkmarx.net/CxWebClient/webApp/Scripts/libs/authenticationScripts?v=D6en8B9ViadcN2A9dqj2IBDwqHwJUo9FMotkCC5Q63E1 (253)
[0830/131250.364:INFO:CONSOLE(20)] "UserManager.signinRedirect: successful", source: https://ambev.checkmarx.net/CxWebClient/webApp/Scripts/libs/authenticationScripts?v=D6en8B9ViadcN2A9dqj2IBDwqHwJUo9FMotkCC5Q63E1 (20)
[0830/131250.364:INFO:CONSOLE(206)] "signinRedirect succeeded", source: https://ambev.checkmarx.net/CxWebClient/webApp/Scripts/libs/authenticationScripts?v=D6en8B9ViadcN2A9dqj2IBDwqHwJUo9FMotkCC5Q63E1 (206)
[0830/131253.743:INFO:CONSOLE(20)] "UserManager.getUser: user loaded", source: https://ambev.checkmarx.net/CxWebClient/webApp/Scripts/libs/authenticationScripts?v=D6en8B9ViadcN2A9dqj2IBDwqHwJUo9FMotkCC5Q63E1 (20)
[0830/131253.744:INFO:CONSOLE(20)] "UserManager.getUser: user loaded", source: https://ambev.checkmarx.net/CxWebClient/webApp/Scripts/libs/authenticationScripts?v=D6en8B9ViadcN2A9dqj2IBDwqHwJUo9FMotkCC5Q63E1 (20)
[0830/131253.744:INFO:CONSOLE(257)] "user is logged in", source: https://ambev.checkmarx.net/CxWebClient/webApp/Scripts/libs/authenticationScripts?v=D6en8B9ViadcN2A9dqj2IBDwqHwJUo9FMotkCC5Q63E1 (257)
[0830/131253.744:INFO:CONSOLE(259)] "startSessionTimer", source: https://ambev.checkmarx.net/CxWebClient/webApp/Scripts/libs/authenticationScripts?v=D6en8B9ViadcN2A9dqj2IBDwqHwJUo9FMotkCC5Q63E1 (259)
[0830/131254.176:INFO:CONSOLE(157)] "get sessionTimeout :57600", source: https://ambev.checkmarx.net/CxWebClient/webApp/Scripts/libs/authenticationScripts?v=D6en8B9ViadcN2A9dqj2IBDwqHwJUo9FMotkCC5Q63E1 (157)
[0830/131254.382:INFO:CONSOLE(1)] "ARM is not installed.", source: https://ambev.checkmarx.net/CxWebClient/portal/Scripts/portal?v=jOT8lxGGDkQUjJtEP36MN4AYLqsTTOfwho25xDCLwX81 (1)
[0830/131254.382:INFO:CONSOLE(1)] "ARM is not installed.", source: https://ambev.checkmarx.net/CxWebClient/portal/Scripts/portal?v=jOT8lxGGDkQUjJtEP36MN4AYLqsTTOfwho25xDCLwX81 (1)
[0830/131254.849:INFO:CONSOLE(20)] "UserManager.getUser: user loaded", source: https://ambev.checkmarx.net/CxWebClient/webApp/Scripts/libs/authenticationScripts?v=D6en8B9ViadcN2A9dqj2IBDwqHwJUo9FMotkCC5Q63E1 (20)
[0830/131254.849:INFO:CONSOLE(20)] "UserManager.getUser: user loaded", source: https://ambev.checkmarx.net/CxWebClient/webApp/Scripts/libs/authenticationScripts?v=D6en8B9ViadcN2A9dqj2IBDwqHwJUo9FMotkCC5Q63E1 (20)
[0830/131434.762:ERROR:gpu_init.cc(440)] Passthrough is not supported, GL is disabled, ANGLE is 
[0830/131654.844:INFO:CONSOLE(20)] "UserManager.signinSilent: successful, signed in sub:  1", source: https://ambev.checkmarx.net/CxWebClient/webApp/Scripts/libs/authenticationScripts?v=D6en8B9ViadcN2A9dqj2IBDwqHwJUo9FMotkCC5Q63E1 (20)
[0830/132055.903:INFO:CONSOLE(20)] "UserManager.signinSilent: successful, signed in sub:  1", source: https://ambev.checkmarx.net/CxWebClient/webApp/Scripts/libs/authenticationScripts?v=D6en8B9ViadcN2A9dqj2IBDwqHwJUo9FMotkCC5Q63E1 (20)
[0830/171436.502:INFO:CONSOLE(20)] "UserManager.getUser: user not found in storage", source: https://ambev.checkmarx.net/CxWebClient/webApp/Scripts/libs/authenticationScripts?v=D6en8B9ViadcN2A9dqj2IBDwqHwJUo9FMotkCC5Q63E1 (20)
[0830/171436.502:INFO:CONSOLE(20)] "UserManager.getUser: user not found in storage", source: https://ambev.checkmarx.net/CxWebClient/webApp/Scripts/libs/authenticationScripts?v=D6en8B9ViadcN2A9dqj2IBDwqHwJUo9FMotkCC5Q63E1 (20)
[0830/171436.502:INFO:CONSOLE(253)] "try connecting to AC", source: https://ambev.checkmarx.net/CxWebClient/webApp/Scripts/libs/authenticationScripts?v=D6en8B9ViadcN2A9dqj2IBDwqHwJUo9FMotkCC5Q63E1 (253)
[0830/171436.672:INFO:CONSOLE(20)] "UserManager.signinRedirect: successful", source: https://ambev.checkmarx.net/CxWebClient/webApp/Scripts/libs/authenticationScripts?v=D6en8B9ViadcN2A9dqj2IBDwqHwJUo9FMotkCC5Q63E1 (20)
[0830/171436.672:INFO:CONSOLE(206)] "signinRedirect succeeded", source: https://ambev.checkmarx.net/CxWebClient/webApp/Scripts/libs/authenticationScripts?v=D6en8B9ViadcN2A9dqj2IBDwqHwJUo9FMotkCC5Q63E1 (206)
[0830/171439.150:INFO:CONSOLE(20)] "UserManager.getUser: user loaded", source: https://ambev.checkmarx.net/CxWebClient/webApp/Scripts/libs/authenticationScripts?v=D6en8B9ViadcN2A9dqj2IBDwqHwJUo9FMotkCC5Q63E1 (20)
[0830/171439.150:INFO:CONSOLE(20)] "UserManager.getUser: user loaded", source: https://ambev.checkmarx.net/CxWebClient/webApp/Scripts/libs/authenticationScripts?v=D6en8B9ViadcN2A9dqj2IBDwqHwJUo9FMotkCC5Q63E1 (20)
[0830/171439.150:INFO:CONSOLE(257)] "user is logged in", source: https://ambev.checkmarx.net/CxWebClient/webApp/Scripts/libs/authenticationScripts?v=D6en8B9ViadcN2A9dqj2IBDwqHwJUo9FMotkCC5Q63E1 (257)
[0830/171439.150:INFO:CONSOLE(259)] "startSessionTimer", source: https://ambev.checkmarx.net/CxWebClient/webApp/Scripts/libs/authenticationScripts?v=D6en8B9ViadcN2A9dqj2IBDwqHwJUo9FMotkCC5Q63E1 (259)
[0830/171439.289:INFO:CONSOLE(157)] "get sessionTimeout :57600", source: https://ambev.checkmarx.net/CxWebClient/webApp/Scripts/libs/authenticationScripts?v=D6en8B9ViadcN2A9dqj2IBDwqHwJUo9FMotkCC5Q63E1 (157)
[0830/171439.973:INFO:CONSOLE(1)] "ARM is not installed.", source: https://ambev.checkmarx.net/CxWebClient/portal/Scripts/portal?v=jOT8lxGGDkQUjJtEP36MN4AYLqsTTOfwho25xDCLwX81 (1)
[0830/171439.973:INFO:CONSOLE(1)] "ARM is not installed.", source: https://ambev.checkmarx.net/CxWebClient/portal/Scripts/portal?v=jOT8lxGGDkQUjJtEP36MN4AYLqsTTOfwho25xDCLwX81 (1)
[0830/171441.007:INFO:CONSOLE(20)] "UserManager.getUser: user not found in storage", source: https://ambev.checkmarx.net/CxWebClient/webApp/Scripts/libs/authenticationScripts?v=D6en8B9ViadcN2A9dqj2IBDwqHwJUo9FMotkCC5Q63E1 (20)
[0830/171441.007:INFO:CONSOLE(20)] "UserManager.getUser: user not found in storage", source: https://ambev.checkmarx.net/CxWebClient/webApp/Scripts/libs/authenticationScripts?v=D6en8B9ViadcN2A9dqj2IBDwqHwJUo9FMotkCC5Q63E1 (20)
[0830/171441.007:INFO:CONSOLE(253)] "try connecting to AC", source: https://ambev.checkmarx.net/CxWebClient/webApp/Scripts/libs/authenticationScripts?v=D6en8B9ViadcN2A9dqj2IBDwqHwJUo9FMotkCC5Q63E1 (253)
[0830/171441.241:INFO:CONSOLE(20)] "UserManager.signinRedirect: successful", source: https://ambev.checkmarx.net/CxWebClient/webApp/Scripts/libs/authenticationScripts?v=D6en8B9ViadcN2A9dqj2IBDwqHwJUo9FMotkCC5Q63E1 (20)
[0830/171441.241:INFO:CONSOLE(206)] "signinRedirect succeeded", source: https://ambev.checkmarx.net/CxWebClient/webApp/Scripts/libs/authenticationScripts?v=D6en8B9ViadcN2A9dqj2IBDwqHwJUo9FMotkCC5Q63E1 (206)
[0830/171441.243:INFO:CONSOLE(1)] "ARM is not installed.", source: https://ambev.checkmarx.net/CxWebClient/portal/Scripts/portal?v=jOT8lxGGDkQUjJtEP36MN4AYLqsTTOfwho25xDCLwX81 (1)
[0830/171441.243:INFO:CONSOLE(1)] "ARM is not installed.", source: https://ambev.checkmarx.net/CxWebClient/portal/Scripts/portal?v=jOT8lxGGDkQUjJtEP36MN4AYLqsTTOfwho25xDCLwX81 (1)
[0830/171442.678:INFO:CONSOLE(20)] "UserManager.getUser: user loaded", source: https://ambev.checkmarx.net/CxWebClient/webApp/Scripts/libs/authenticationScripts?v=D6en8B9ViadcN2A9dqj2IBDwqHwJUo9FMotkCC5Q63E1 (20)
[0830/171442.678:INFO:CONSOLE(20)] "UserManager.getUser: user loaded", source: https://ambev.checkmarx.net/CxWebClient/webApp/Scripts/libs/authenticationScripts?v=D6en8B9ViadcN2A9dqj2IBDwqHwJUo9FMotkCC5Q63E1 (20)
[0830/171442.679:INFO:CONSOLE(257)] "user is logged in", source: https://ambev.checkmarx.net/CxWebClient/webApp/Scripts/libs/authenticationScripts?v=D6en8B9ViadcN2A9dqj2IBDwqHwJUo9FMotkCC5Q63E1 (257)
[0830/171442.679:INFO:CONSOLE(259)] "startSessionTimer", source: https://ambev.checkmarx.net/CxWebClient/webApp/Scripts/libs/authenticationScripts?v=D6en8B9ViadcN2A9dqj2IBDwqHwJUo9FMotkCC5Q63E1 (259)
[0830/171442.892:INFO:CONSOLE(157)] "get sessionTimeout :57600", source: https://ambev.checkmarx.net/CxWebClient/webApp/Scripts/libs/authenticationScripts?v=D6en8B9ViadcN2A9dqj2IBDwqHwJUo9FMotkCC5Q63E1 (157)
[0830/171442.904:INFO:CONSOLE(1)] "ARM is not installed.", source: https://ambev.checkmarx.net/CxWebClient/portal/Scripts/portal?v=jOT8lxGGDkQUjJtEP36MN4AYLqsTTOfwho25xDCLwX81 (1)
[0830/171442.905:INFO:CONSOLE(1)] "ARM is not installed.", source: https://ambev.checkmarx.net/CxWebClient/portal/Scripts/portal?v=jOT8lxGGDkQUjJtEP36MN4AYLqsTTOfwho25xDCLwX81 (1)
[0830/171616.720:INFO:CONSOLE(20)] "UserManager.getUser: user not found in storage", source: https://ambev.checkmarx.net/CxWebClient/webApp/Scripts/libs/authenticationScripts?v=D6en8B9ViadcN2A9dqj2IBDwqHwJUo9FMotkCC5Q63E1 (20)
[0830/171616.720:INFO:CONSOLE(20)] "UserManager.getUser: user not found in storage", source: https://ambev.checkmarx.net/CxWebClient/webApp/Scripts/libs/authenticationScripts?v=D6en8B9ViadcN2A9dqj2IBDwqHwJUo9FMotkCC5Q63E1 (20)
[0830/171616.720:INFO:CONSOLE(253)] "try connecting to AC", source: https://ambev.checkmarx.net/CxWebClient/webApp/Scripts/libs/authenticationScripts?v=D6en8B9ViadcN2A9dqj2IBDwqHwJUo9FMotkCC5Q63E1 (253)
[0830/171616.879:INFO:CONSOLE(20)] "UserManager.signinRedirect: successful", source: https://ambev.checkmarx.net/CxWebClient/webApp/Scripts/libs/authenticationScripts?v=D6en8B9ViadcN2A9dqj2IBDwqHwJUo9FMotkCC5Q63E1 (20)
[0830/171616.879:INFO:CONSOLE(206)] "signinRedirect succeeded", source: https://ambev.checkmarx.net/CxWebClient/webApp/Scripts/libs/authenticationScripts?v=D6en8B9ViadcN2A9dqj2IBDwqHwJUo9FMotkCC5Q63E1 (206)
[0830/171619.385:INFO:CONSOLE(20)] "UserManager.getUser: user loaded", source: https://ambev.checkmarx.net/CxWebClient/webApp/Scripts/libs/authenticationScripts?v=D6en8B9ViadcN2A9dqj2IBDwqHwJUo9FMotkCC5Q63E1 (20)
[0830/171619.385:INFO:CONSOLE(20)] "UserManager.getUser: user loaded", source: https://ambev.checkmarx.net/CxWebClient/webApp/Scripts/libs/authenticationScripts?v=D6en8B9ViadcN2A9dqj2IBDwqHwJUo9FMotkCC5Q63E1 (20)
[0830/171619.386:INFO:CONSOLE(257)] "user is logged in", source: https://ambev.checkmarx.net/CxWebClient/webApp/Scripts/libs/authenticationScripts?v=D6en8B9ViadcN2A9dqj2IBDwqHwJUo9FMotkCC5Q63E1 (257)
[0830/171619.386:INFO:CONSOLE(259)] "startSessionTimer", source: https://ambev.checkmarx.net/CxWebClient/webApp/Scripts/libs/authenticationScripts?v=D6en8B9ViadcN2A9dqj2IBDwqHwJUo9FMotkCC5Q63E1 (259)
[0830/171619.529:INFO:CONSOLE(157)] "get sessionTimeout :57600", source: https://ambev.checkmarx.net/CxWebClient/webApp/Scripts/libs/authenticationScripts?v=D6en8B9ViadcN2A9dqj2IBDwqHwJUo9FMotkCC5Q63E1 (157)
[0830/171621.319:INFO:CONSOLE(20)] "UserManager.getUser: user not found in storage", source: https://ambev.checkmarx.net/CxWebClient/webApp/Scripts/libs/authenticationScripts?v=D6en8B9ViadcN2A9dqj2IBDwqHwJUo9FMotkCC5Q63E1 (20)
[0830/171621.319:INFO:CONSOLE(20)] "UserManager.getUser: user not found in storage", source: https://ambev.checkmarx.net/CxWebClient/webApp/Scripts/libs/authenticationScripts?v=D6en8B9ViadcN2A9dqj2IBDwqHwJUo9FMotkCC5Q63E1 (20)
[0830/171621.319:INFO:CONSOLE(253)] "try connecting to AC", source: https://ambev.checkmarx.net/CxWebClient/webApp/Scripts/libs/authenticationScripts?v=D6en8B9ViadcN2A9dqj2IBDwqHwJUo9FMotkCC5Q63E1 (253)
[0830/171621.485:INFO:CONSOLE(20)] "UserManager.signinRedirect: successful", source: https://ambev.checkmarx.net/CxWebClient/webApp/Scripts/libs/authenticationScripts?v=D6en8B9ViadcN2A9dqj2IBDwqHwJUo9FMotkCC5Q63E1 (20)
[0830/171621.485:INFO:CONSOLE(206)] "signinRedirect succeeded", source: https://ambev.checkmarx.net/CxWebClient/webApp/Scripts/libs/authenticationScripts?v=D6en8B9ViadcN2A9dqj2IBDwqHwJUo9FMotkCC5Q63E1 (206)
[0830/171622.933:INFO:CONSOLE(20)] "UserManager.getUser: user loaded", source: https://ambev.checkmarx.net/CxWebClient/webApp/Scripts/libs/authenticationScripts?v=D6en8B9ViadcN2A9dqj2IBDwqHwJUo9FMotkCC5Q63E1 (20)
[0830/171622.934:INFO:CONSOLE(20)] "UserManager.getUser: user loaded", source: https://ambev.checkmarx.net/CxWebClient/webApp/Scripts/libs/authenticationScripts?v=D6en8B9ViadcN2A9dqj2IBDwqHwJUo9FMotkCC5Q63E1 (20)
[0830/171622.934:INFO:CONSOLE(257)] "user is logged in", source: https://ambev.checkmarx.net/CxWebClient/webApp/Scripts/libs/authenticationScripts?v=D6en8B9ViadcN2A9dqj2IBDwqHwJUo9FMotkCC5Q63E1 (257)
[0830/171622.934:INFO:CONSOLE(259)] "startSessionTimer", source: https://ambev.checkmarx.net/CxWebClient/webApp/Scripts/libs/authenticationScripts?v=D6en8B9ViadcN2A9dqj2IBDwqHwJUo9FMotkCC5Q63E1 (259)
[0830/171623.072:INFO:CONSOLE(157)] "get sessionTimeout :57600", source: https://ambev.checkmarx.net/CxWebClient/webApp/Scripts/libs/authenticationScripts?v=D6en8B9ViadcN2A9dqj2IBDwqHwJUo9FMotkCC5Q63E1 (157)
[0830/171623.903:INFO:CONSOLE(1)] "ARM is not installed.", source: https://ambev.checkmarx.net/CxWebClient/portal/Scripts/portal?v=jOT8lxGGDkQUjJtEP36MN4AYLqsTTOfwho25xDCLwX81 (1)
[0830/171623.903:INFO:CONSOLE(1)] "ARM is not installed.", source: https://ambev.checkmarx.net/CxWebClient/portal/Scripts/portal?v=jOT8lxGGDkQUjJtEP36MN4AYLqsTTOfwho25xDCLwX81 (1)
[0830/171706.969:INFO:CONSOLE(20)] "UserManager.getUser: user not found in storage", source: https://ambev.checkmarx.net/CxWebClient/webApp/Scripts/libs/authenticationScripts?v=D6en8B9ViadcN2A9dqj2IBDwqHwJUo9FMotkCC5Q63E1 (20)
[0830/171706.969:INFO:CONSOLE(20)] "UserManager.getUser: user not found in storage", source: https://ambev.checkmarx.net/CxWebClient/webApp/Scripts/libs/authenticationScripts?v=D6en8B9ViadcN2A9dqj2IBDwqHwJUo9FMotkCC5Q63E1 (20)
[0830/171706.970:INFO:CONSOLE(253)] "try connecting to AC", source: https://ambev.checkmarx.net/CxWebClient/webApp/Scripts/libs/authenticationScripts?v=D6en8B9ViadcN2A9dqj2IBDwqHwJUo9FMotkCC5Q63E1 (253)
[0830/171707.374:INFO:CONSOLE(20)] "UserManager.signinRedirect: successful", source: https://ambev.checkmarx.net/CxWebClient/webApp/Scripts/libs/authenticationScripts?v=D6en8B9ViadcN2A9dqj2IBDwqHwJUo9FMotkCC5Q63E1 (20)
[0830/171707.375:INFO:CONSOLE(206)] "signinRedirect succeeded", source: https://ambev.checkmarx.net/CxWebClient/webApp/Scripts/libs/authenticationScripts?v=D6en8B9ViadcN2A9dqj2IBDwqHwJUo9FMotkCC5Q63E1 (206)
[0830/171707.383:INFO:CONSOLE(1)] "ARM is not installed.", source: https://ambev.checkmarx.net/CxWebClient/portal/Scripts/portal?v=jOT8lxGGDkQUjJtEP36MN4AYLqsTTOfwho25xDCLwX81 (1)
[0830/171707.384:INFO:CONSOLE(1)] "ARM is not installed.", source: https://ambev.checkmarx.net/CxWebClient/portal/Scripts/portal?v=jOT8lxGGDkQUjJtEP36MN4AYLqsTTOfwho25xDCLwX81 (1)
[0830/171708.965:INFO:CONSOLE(20)] "UserManager.getUser: user loaded", source: https://ambev.checkmarx.net/CxWebClient/webApp/Scripts/libs/authenticationScripts?v=D6en8B9ViadcN2A9dqj2IBDwqHwJUo9FMotkCC5Q63E1 (20)
[0830/171708.966:INFO:CONSOLE(20)] "UserManager.getUser: user loaded", source: https://ambev.checkmarx.net/CxWebClient/webApp/Scripts/libs/authenticationScripts?v=D6en8B9ViadcN2A9dqj2IBDwqHwJUo9FMotkCC5Q63E1 (20)
[0830/171708.967:INFO:CONSOLE(257)] "user is logged in", source: https://ambev.checkmarx.net/CxWebClient/webApp/Scripts/libs/authenticationScripts?v=D6en8B9ViadcN2A9dqj2IBDwqHwJUo9FMotkCC5Q63E1 (257)
[0830/171708.967:INFO:CONSOLE(259)] "startSessionTimer", source: https://ambev.checkmarx.net/CxWebClient/webApp/Scripts/libs/authenticationScripts?v=D6en8B9ViadcN2A9dqj2IBDwqHwJUo9FMotkCC5Q63E1 (259)
[0830/171709.231:INFO:CONSOLE(157)] "get sessionTimeout :57600", source: https://ambev.checkmarx.net/CxWebClient/webApp/Scripts/libs/authenticationScripts?v=D6en8B9ViadcN2A9dqj2IBDwqHwJUo9FMotkCC5Q63E1 (157)
[0830/171709.240:INFO:CONSOLE(1)] "ARM is not installed.", source: https://ambev.checkmarx.net/CxWebClient/portal/Scripts/portal?v=jOT8lxGGDkQUjJtEP36MN4AYLqsTTOfwho25xDCLwX81 (1)
[0830/171709.243:INFO:CONSOLE(1)] "ARM is not installed.", source: https://ambev.checkmarx.net/CxWebClient/portal/Scripts/portal?v=jOT8lxGGDkQUjJtEP36MN4AYLqsTTOfwho25xDCLwX81 (1)
[0830/171711.054:INFO:CONSOLE(20)] "UserManager.getUser: user not found in storage", source: https://ambev.checkmarx.net/CxWebClient/webApp/Scripts/libs/authenticationScripts?v=D6en8B9ViadcN2A9dqj2IBDwqHwJUo9FMotkCC5Q63E1 (20)
[0830/171711.054:INFO:CONSOLE(20)] "UserManager.getUser: user not found in storage", source: https://ambev.checkmarx.net/CxWebClient/webApp/Scripts/libs/authenticationScripts?v=D6en8B9ViadcN2A9dqj2IBDwqHwJUo9FMotkCC5Q63E1 (20)
[0830/171711.054:INFO:CONSOLE(253)] "try connecting to AC", source: https://ambev.checkmarx.net/CxWebClient/webApp/Scripts/libs/authenticationScripts?v=D6en8B9ViadcN2A9dqj2IBDwqHwJUo9FMotkCC5Q63E1 (253)
[0830/171711.393:INFO:CONSOLE(1)] "ARM is not installed.", source: https://ambev.checkmarx.net/CxWebClient/portal/Scripts/portal?v=jOT8lxGGDkQUjJtEP36MN4AYLqsTTOfwho25xDCLwX81 (1)
[0830/171711.394:INFO:CONSOLE(1)] "ARM is not installed.", source: https://ambev.checkmarx.net/CxWebClient/portal/Scripts/portal?v=jOT8lxGGDkQUjJtEP36MN4AYLqsTTOfwho25xDCLwX81 (1)
[0830/171711.582:INFO:CONSOLE(20)] "UserManager.signinRedirect: successful", source: https://ambev.checkmarx.net/CxWebClient/webApp/Scripts/libs/authenticationScripts?v=D6en8B9ViadcN2A9dqj2IBDwqHwJUo9FMotkCC5Q63E1 (20)
[0830/171711.582:INFO:CONSOLE(206)] "signinRedirect succeeded", source: https://ambev.checkmarx.net/CxWebClient/webApp/Scripts/libs/authenticationScripts?v=D6en8B9ViadcN2A9dqj2IBDwqHwJUo9FMotkCC5Q63E1 (206)
[0830/171713.410:INFO:CONSOLE(20)] "UserManager.getUser: user loaded", source: https://ambev.checkmarx.net/CxWebClient/webApp/Scripts/libs/authenticationScripts?v=D6en8B9ViadcN2A9dqj2IBDwqHwJUo9FMotkCC5Q63E1 (20)
[0830/171713.410:INFO:CONSOLE(20)] "UserManager.getUser: user loaded", source: https://ambev.checkmarx.net/CxWebClient/webApp/Scripts/libs/authenticationScripts?v=D6en8B9ViadcN2A9dqj2IBDwqHwJUo9FMotkCC5Q63E1 (20)
[0830/171713.411:INFO:CONSOLE(257)] "user is logged in", source: https://ambev.checkmarx.net/CxWebClient/webApp/Scripts/libs/authenticationScripts?v=D6en8B9ViadcN2A9dqj2IBDwqHwJUo9FMotkCC5Q63E1 (257)
[0830/171713.411:INFO:CONSOLE(259)] "startSessionTimer", source: https://ambev.checkmarx.net/CxWebClient/webApp/Scripts/libs/authenticationScripts?v=D6en8B9ViadcN2A9dqj2IBDwqHwJUo9FMotkCC5Q63E1 (259)
[0830/171713.660:INFO:CONSOLE(157)] "get sessionTimeout :57600", source: https://ambev.checkmarx.net/CxWebClient/webApp/Scripts/libs/authenticationScripts?v=D6en8B9ViadcN2A9dqj2IBDwqHwJUo9FMotkCC5Q63E1 (157)
[0830/171713.671:INFO:CONSOLE(1)] "ARM is not installed.", source: https://ambev.checkmarx.net/CxWebClient/portal/Scripts/portal?v=jOT8lxGGDkQUjJtEP36MN4AYLqsTTOfwho25xDCLwX81 (1)
[0830/171713.671:INFO:CONSOLE(1)] "ARM is not installed.", source: https://ambev.checkmarx.net/CxWebClient/portal/Scripts/portal?v=jOT8lxGGDkQUjJtEP36MN4AYLqsTTOfwho25xDCLwX81 (1)
[0830/171801.167:ERROR:gpu_init.cc(440)] Passthrough is not supported, GL is disabled, ANGLE is 
[0830/172110.131:INFO:CONSOLE(20)] "UserManager.signinSilent: successful, signed in sub:  60", source: https://ambev.checkmarx.net/CxWebClient/webApp/Scripts/libs/authenticationScripts?v=D6en8B9ViadcN2A9dqj2IBDwqHwJUo9FMotkCC5Q63E1 (20)
[0830/172114.237:INFO:CONSOLE(20)] "UserManager.signinSilent: successful, signed in sub:  60", source: https://ambev.checkmarx.net/CxWebClient/webApp/Scripts/libs/authenticationScripts?v=D6en8B9ViadcN2A9dqj2IBDwqHwJUo9FMotkCC5Q63E1 (20)
[0830/172511.273:INFO:CONSOLE(20)] "UserManager.signinSilent: successful, signed in sub:  60", source: https://ambev.checkmarx.net/CxWebClient/webApp/Scripts/libs/authenticationScripts?v=D6en8B9ViadcN2A9dqj2IBDwqHwJUo9FMotkCC5Q63E1 (20)
[0830/172515.519:INFO:CONSOLE(20)] "UserManager.signinSilent: successful, signed in sub:  60", source: https://ambev.checkmarx.net/CxWebClient/webApp/Scripts/libs/authenticationScripts?v=D6en8B9ViadcN2A9dqj2IBDwqHwJUo9FMotkCC5Q63E1 (20)
[0830/172912.428:INFO:CONSOLE(20)] "UserManager.signinSilent: successful, signed in sub:  60", source: https://ambev.checkmarx.net/CxWebClient/webApp/Scripts/libs/authenticationScripts?v=D6en8B9ViadcN2A9dqj2IBDwqHwJUo9FMotkCC5Q63E1 (20)
[0830/172916.252:INFO:CONSOLE(20)] "UserManager.signinSilent: successful, signed in sub:  60", source: https://ambev.checkmarx.net/CxWebClient/webApp/Scripts/libs/authenticationScripts?v=D6en8B9ViadcN2A9dqj2IBDwqHwJUo9FMotkCC5Q63E1 (20)
[0830/173313.439:INFO:CONSOLE(20)] "UserManager.signinSilent: successful, signed in sub:  60", source: https://ambev.checkmarx.net/CxWebClient/webApp/Scripts/libs/authenticationScripts?v=D6en8B9ViadcN2A9dqj2IBDwqHwJUo9FMotkCC5Q63E1 (20)
[0830/173316.991:INFO:CONSOLE(20)] "UserManager.signinSilent: successful, signed in sub:  60", source: https://ambev.checkmarx.net/CxWebClient/webApp/Scripts/libs/authenticationScripts?v=D6en8B9ViadcN2A9dqj2IBDwqHwJUo9FMotkCC5Q63E1 (20)
[0830/173542.224:WARNING:dns_config_service_win.cc(512)] Failed to read DnsConfig.
[0830/173542.225:WARNING:dns_config_service_win.cc(512)] Failed to read DnsConfig.
[0830/173625.394:WARNING:dns_config_service_win.cc(512)] Failed to read DnsConfig.
[0830/173625.396:WARNING:dns_config_service_win.cc(512)] Failed to read DnsConfig.
[0830/173625.608:WARNING:dns_config_service_win.cc(512)] Failed to read DnsConfig.
[0830/173625.617:WARNING:dns_config_service_win.cc(512)] Failed to read DnsConfig.
[0830/173625.638:WARNING:dns_config_service_win.cc(512)] Failed to read DnsConfig.
[0830/173625.638:WARNING:dns_config_service_win.cc(512)] Failed to read DnsConfig.
[0830/173715.319:INFO:CONSOLE(20)] "UserManager.signinSilent: successful, signed in sub:  60", source: https://ambev.checkmarx.net/CxWebClient/webApp/Scripts/libs/authenticationScripts?v=D6en8B9ViadcN2A9dqj2IBDwqHwJUo9FMotkCC5Q63E1 (20)
[0830/173717.990:INFO:CONSOLE(20)] "UserManager.signinSilent: successful, signed in sub:  60", source: https://ambev.checkmarx.net/CxWebClient/webApp/Scripts/libs/authenticationScripts?v=D6en8B9ViadcN2A9dqj2IBDwqHwJUo9FMotkCC5Q63E1 (20)
[0830/174116.815:INFO:CONSOLE(20)] "UserManager.signinSilent: successful, signed in sub:  60", source: https://ambev.checkmarx.net/CxWebClient/webApp/Scripts/libs/authenticationScripts?v=D6en8B9ViadcN2A9dqj2IBDwqHwJUo9FMotkCC5Q63E1 (20)
[0830/174118.900:INFO:CONSOLE(20)] "UserManager.signinSilent: successful, signed in sub:  60", source: https://ambev.checkmarx.net/CxWebClient/webApp/Scripts/libs/authenticationScripts?v=D6en8B9ViadcN2A9dqj2IBDwqHwJUo9FMotkCC5Q63E1 (20)
[0830/174519.973:INFO:CONSOLE(20)] "UserManager.signinSilent: successful, signed in sub:  60", source: https://ambev.checkmarx.net/CxWebClient/webApp/Scripts/libs/authenticationScripts?v=D6en8B9ViadcN2A9dqj2IBDwqHwJUo9FMotkCC5Q63E1 (20)
[0830/174520.294:INFO:CONSOLE(20)] "UserManager.signinSilent: successful, signed in sub:  60", source: https://ambev.checkmarx.net/CxWebClient/webApp/Scripts/libs/authenticationScripts?v=D6en8B9ViadcN2A9dqj2IBDwqHwJUo9FMotkCC5Q63E1 (20)
[0830/174921.473:INFO:CONSOLE(20)] "UserManager.signinSilent: successful, signed in sub:  60", source: https://ambev.checkmarx.net/CxWebClient/webApp/Scripts/libs/authenticationScripts?v=D6en8B9ViadcN2A9dqj2IBDwqHwJUo9FMotkCC5Q63E1 (20)
[0830/174921.807:INFO:CONSOLE(20)] "UserManager.signinSilent: successful, signed in sub:  60", source: https://ambev.checkmarx.net/CxWebClient/webApp/Scripts/libs/authenticationScripts?v=D6en8B9ViadcN2A9dqj2IBDwqHwJUo9FMotkCC5Q63E1 (20)
[0830/175322.895:INFO:CONSOLE(20)] "UserManager.signinSilent: successful, signed in sub:  60", source: https://ambev.checkmarx.net/CxWebClient/webApp/Scripts/libs/authenticationScripts?v=D6en8B9ViadcN2A9dqj2IBDwqHwJUo9FMotkCC5Q63E1 (20)
[0830/175323.187:INFO:CONSOLE(20)] "UserManager.signinSilent: successful, signed in sub:  60", source: https://ambev.checkmarx.net/CxWebClient/webApp/Scripts/libs/authenticationScripts?v=D6en8B9ViadcN2A9dqj2IBDwqHwJUo9FMotkCC5Q63E1 (20)
[0830/175724.452:INFO:CONSOLE(20)] "UserManager.signinSilent: successful, signed in sub:  60", source: https://ambev.checkmarx.net/CxWebClient/webApp/Scripts/libs/authenticationScripts?v=D6en8B9ViadcN2A9dqj2IBDwqHwJUo9FMotkCC5Q63E1 (20)
[0830/175724.685:INFO:CONSOLE(20)] "UserManager.signinSilent: successful, signed in sub:  60", source: https://ambev.checkmarx.net/CxWebClient/webApp/Scripts/libs/authenticationScripts?v=D6en8B9ViadcN2A9dqj2IBDwqHwJUo9FMotkCC5Q63E1 (20)
[0830/180126.791:INFO:CONSOLE(20)] "UserManager.signinSilent: successful, signed in sub:  60", source: https://ambev.checkmarx.net/CxWebClient/webApp/Scripts/libs/authenticationScripts?v=D6en8B9ViadcN2A9dqj2IBDwqHwJUo9FMotkCC5Q63E1 (20)
[0830/180127.072:INFO:CONSOLE(20)] "UserManager.signinSilent: successful, signed in sub:  60", source: https://ambev.checkmarx.net/CxWebClient/webApp/Scripts/libs/authenticationScripts?v=D6en8B9ViadcN2A9dqj2IBDwqHwJUo9FMotkCC5Q63E1 (20)
[0830/180528.203:INFO:CONSOLE(20)] "UserManager.signinSilent: successful, signed in sub:  60", source: https://ambev.checkmarx.net/CxWebClient/webApp/Scripts/libs/authenticationScripts?v=D6en8B9ViadcN2A9dqj2IBDwqHwJUo9FMotkCC5Q63E1 (20)
[0830/180528.669:INFO:CONSOLE(20)] "UserManager.signinSilent: successful, signed in sub:  60", source: https://ambev.checkmarx.net/CxWebClient/webApp/Scripts/libs/authenticationScripts?v=D6en8B9ViadcN2A9dqj2IBDwqHwJUo9FMotkCC5Q63E1 (20)
[0830/180929.781:INFO:CONSOLE(20)] "UserManager.signinSilent: successful, signed in sub:  60", source: https://ambev.checkmarx.net/CxWebClient/webApp/Scripts/libs/authenticationScripts?v=D6en8B9ViadcN2A9dqj2IBDwqHwJUo9FMotkCC5Q63E1 (20)
[0830/180930.230:INFO:CONSOLE(20)] "UserManager.signinSilent: successful, signed in sub:  60", source: https://ambev.checkmarx.net/CxWebClient/webApp/Scripts/libs/authenticationScripts?v=D6en8B9ViadcN2A9dqj2IBDwqHwJUo9FMotkCC5Q63E1 (20)
[0830/181331.232:INFO:CONSOLE(20)] "UserManager.signinSilent: successful, signed in sub:  60", source: https://ambev.checkmarx.net/CxWebClient/webApp/Scripts/libs/authenticationScripts?v=D6en8B9ViadcN2A9dqj2IBDwqHwJUo9FMotkCC5Q63E1 (20)
[0830/181331.666:INFO:CONSOLE(20)] "UserManager.signinSilent: successful, signed in sub:  60", source: https://ambev.checkmarx.net/CxWebClient/webApp/Scripts/libs/authenticationScripts?v=D6en8B9ViadcN2A9dqj2IBDwqHwJUo9FMotkCC5Q63E1 (20)
[0830/181732.811:INFO:CONSOLE(20)] "UserManager.signinSilent: successful, signed in sub:  60", source: https://ambev.checkmarx.net/CxWebClient/webApp/Scripts/libs/authenticationScripts?v=D6en8B9ViadcN2A9dqj2IBDwqHwJUo9FMotkCC5Q63E1 (20)
[0830/181733.046:INFO:CONSOLE(20)] "UserManager.signinSilent: successful, signed in sub:  60", source: https://ambev.checkmarx.net/CxWebClient/webApp/Scripts/libs/authenticationScripts?v=D6en8B9ViadcN2A9dqj2IBDwqHwJUo9FMotkCC5Q63E1 (20)
[0830/182137.986:INFO:CONSOLE(20)] "UserManager.signinSilent: successful, signed in sub:  60", source: https://ambev.checkmarx.net/CxWebClient/webApp/Scripts/libs/authenticationScripts?v=D6en8B9ViadcN2A9dqj2IBDwqHwJUo9FMotkCC5Q63E1 (20)
[0830/182138.428:INFO:CONSOLE(20)] "UserManager.signinSilent: successful, signed in sub:  60", source: https://ambev.checkmarx.net/CxWebClient/webApp/Scripts/libs/authenticationScripts?v=D6en8B9ViadcN2A9dqj2IBDwqHwJUo9FMotkCC5Q63E1 (20)
[0830/182345.724:INFO:CONSOLE(20)] "UserManager.getUser: user not found in storage", source: https://ambev.checkmarx.net/CxWebClient/webApp/Scripts/libs/authenticationScripts?v=D6en8B9ViadcN2A9dqj2IBDwqHwJUo9FMotkCC5Q63E1 (20)
[0830/182345.724:INFO:CONSOLE(20)] "UserManager.getUser: user not found in storage", source: https://ambev.checkmarx.net/CxWebClient/webApp/Scripts/libs/authenticationScripts?v=D6en8B9ViadcN2A9dqj2IBDwqHwJUo9FMotkCC5Q63E1 (20)
[0830/182345.724:INFO:CONSOLE(253)] "try connecting to AC", source: https://ambev.checkmarx.net/CxWebClient/webApp/Scripts/libs/authenticationScripts?v=D6en8B9ViadcN2A9dqj2IBDwqHwJUo9FMotkCC5Q63E1 (253)
[0830/182345.925:INFO:CONSOLE(1)] "ARM is not installed.", source: https://ambev.checkmarx.net/CxWebClient/portal/Scripts/portal?v=jOT8lxGGDkQUjJtEP36MN4AYLqsTTOfwho25xDCLwX81 (1)
[0830/182345.926:INFO:CONSOLE(1)] "ARM is not installed.", source: https://ambev.checkmarx.net/CxWebClient/portal/Scripts/portal?v=jOT8lxGGDkQUjJtEP36MN4AYLqsTTOfwho25xDCLwX81 (1)
[0830/182346.040:INFO:CONSOLE(20)] "UserManager.signinRedirect: successful", source: https://ambev.checkmarx.net/CxWebClient/webApp/Scripts/libs/authenticationScripts?v=D6en8B9ViadcN2A9dqj2IBDwqHwJUo9FMotkCC5Q63E1 (20)
[0830/182346.041:INFO:CONSOLE(206)] "signinRedirect succeeded", source: https://ambev.checkmarx.net/CxWebClient/webApp/Scripts/libs/authenticationScripts?v=D6en8B9ViadcN2A9dqj2IBDwqHwJUo9FMotkCC5Q63E1 (206)
[0830/182348.467:INFO:CONSOLE(20)] "UserManager.getUser: user loaded", source: https://ambev.checkmarx.net/CxWebClient/webApp/Scripts/libs/authenticationScripts?v=D6en8B9ViadcN2A9dqj2IBDwqHwJUo9FMotkCC5Q63E1 (20)
[0830/182348.467:INFO:CONSOLE(20)] "UserManager.getUser: user loaded", source: https://ambev.checkmarx.net/CxWebClient/webApp/Scripts/libs/authenticationScripts?v=D6en8B9ViadcN2A9dqj2IBDwqHwJUo9FMotkCC5Q63E1 (20)
[0830/182348.468:INFO:CONSOLE(257)] "user is logged in", source: https://ambev.checkmarx.net/CxWebClient/webApp/Scripts/libs/authenticationScripts?v=D6en8B9ViadcN2A9dqj2IBDwqHwJUo9FMotkCC5Q63E1 (257)
[0830/182348.468:INFO:CONSOLE(259)] "startSessionTimer", source: https://ambev.checkmarx.net/CxWebClient/webApp/Scripts/libs/authenticationScripts?v=D6en8B9ViadcN2A9dqj2IBDwqHwJUo9FMotkCC5Q63E1 (259)
[0830/182348.683:INFO:CONSOLE(1)] "ARM is not installed.", source: https://ambev.checkmarx.net/CxWebClient/portal/Scripts/portal?v=jOT8lxGGDkQUjJtEP36MN4AYLqsTTOfwho25xDCLwX81 (1)
[0830/182348.683:INFO:CONSOLE(1)] "ARM is not installed.", source: https://ambev.checkmarx.net/CxWebClient/portal/Scripts/portal?v=jOT8lxGGDkQUjJtEP36MN4AYLqsTTOfwho25xDCLwX81 (1)
[0830/182348.973:INFO:CONSOLE(157)] "get sessionTimeout :57600", source: https://ambev.checkmarx.net/CxWebClient/webApp/Scripts/libs/authenticationScripts?v=D6en8B9ViadcN2A9dqj2IBDwqHwJUo9FMotkCC5Q63E1 (157)
[0830/182349.626:INFO:CONSOLE(20)] "UserManager.getUser: user not found in storage", source: https://ambev.checkmarx.net/CxWebClient/webApp/Scripts/libs/authenticationScripts?v=D6en8B9ViadcN2A9dqj2IBDwqHwJUo9FMotkCC5Q63E1 (20)
[0830/182349.626:INFO:CONSOLE(20)] "UserManager.getUser: user not found in storage", source: https://ambev.checkmarx.net/CxWebClient/webApp/Scripts/libs/authenticationScripts?v=D6en8B9ViadcN2A9dqj2IBDwqHwJUo9FMotkCC5Q63E1 (20)
[0830/182349.626:INFO:CONSOLE(253)] "try connecting to AC", source: https://ambev.checkmarx.net/CxWebClient/webApp/Scripts/libs/authenticationScripts?v=D6en8B9ViadcN2A9dqj2IBDwqHwJUo9FMotkCC5Q63E1 (253)
[0830/182349.830:INFO:CONSOLE(1)] "ARM is not installed.", source: https://ambev.checkmarx.net/CxWebClient/portal/Scripts/portal?v=jOT8lxGGDkQUjJtEP36MN4AYLqsTTOfwho25xDCLwX81 (1)
[0830/182349.831:INFO:CONSOLE(1)] "ARM is not installed.", source: https://ambev.checkmarx.net/CxWebClient/portal/Scripts/portal?v=jOT8lxGGDkQUjJtEP36MN4AYLqsTTOfwho25xDCLwX81 (1)
[0830/182349.846:INFO:CONSOLE(20)] "UserManager.signinRedirect: successful", source: https://ambev.checkmarx.net/CxWebClient/webApp/Scripts/libs/authenticationScripts?v=D6en8B9ViadcN2A9dqj2IBDwqHwJUo9FMotkCC5Q63E1 (20)
[0830/182349.846:INFO:CONSOLE(206)] "signinRedirect succeeded", source: https://ambev.checkmarx.net/CxWebClient/webApp/Scripts/libs/authenticationScripts?v=D6en8B9ViadcN2A9dqj2IBDwqHwJUo9FMotkCC5Q63E1 (206)
[0830/182351.690:INFO:CONSOLE(20)] "UserManager.getUser: user loaded", source: https://ambev.checkmarx.net/CxWebClient/webApp/Scripts/libs/authenticationScripts?v=D6en8B9ViadcN2A9dqj2IBDwqHwJUo9FMotkCC5Q63E1 (20)
[0830/182351.690:INFO:CONSOLE(20)] "UserManager.getUser: user loaded", source: https://ambev.checkmarx.net/CxWebClient/webApp/Scripts/libs/authenticationScripts?v=D6en8B9ViadcN2A9dqj2IBDwqHwJUo9FMotkCC5Q63E1 (20)
[0830/182351.691:INFO:CONSOLE(257)] "user is logged in", source: https://ambev.checkmarx.net/CxWebClient/webApp/Scripts/libs/authenticationScripts?v=D6en8B9ViadcN2A9dqj2IBDwqHwJUo9FMotkCC5Q63E1 (257)
[0830/182351.691:INFO:CONSOLE(259)] "startSessionTimer", source: https://ambev.checkmarx.net/CxWebClient/webApp/Scripts/libs/authenticationScripts?v=D6en8B9ViadcN2A9dqj2IBDwqHwJUo9FMotkCC5Q63E1 (259)
[0830/182351.874:INFO:CONSOLE(157)] "get sessionTimeout :57600", source: https://ambev.checkmarx.net/CxWebClient/webApp/Scripts/libs/authenticationScripts?v=D6en8B9ViadcN2A9dqj2IBDwqHwJUo9FMotkCC5Q63E1 (157)
[0830/182351.875:INFO:CONSOLE(1)] "ARM is not installed.", source: https://ambev.checkmarx.net/CxWebClient/portal/Scripts/portal?v=jOT8lxGGDkQUjJtEP36MN4AYLqsTTOfwho25xDCLwX81 (1)
[0830/182351.876:INFO:CONSOLE(1)] "ARM is not installed.", source: https://ambev.checkmarx.net/CxWebClient/portal/Scripts/portal?v=jOT8lxGGDkQUjJtEP36MN4AYLqsTTOfwho25xDCLwX81 (1)
[0830/182538.982:INFO:CONSOLE(20)] "UserManager.signinSilent: successful, signed in sub:  60", source: https://ambev.checkmarx.net/CxWebClient/webApp/Scripts/libs/authenticationScripts?v=D6en8B9ViadcN2A9dqj2IBDwqHwJUo9FMotkCC5Q63E1 (20)
[0830/182539.508:INFO:CONSOLE(20)] "UserManager.signinSilent: successful, signed in sub:  60", source: https://ambev.checkmarx.net/CxWebClient/webApp/Scripts/libs/authenticationScripts?v=D6en8B9ViadcN2A9dqj2IBDwqHwJUo9FMotkCC5Q63E1 (20)
[0830/182750.589:INFO:CONSOLE(20)] "UserManager.signinSilent: successful, signed in sub:  60", source: https://ambev.checkmarx.net/CxWebClient/webApp/Scripts/libs/authenticationScripts?v=D6en8B9ViadcN2A9dqj2IBDwqHwJUo9FMotkCC5Q63E1 (20)
[0830/182752.954:INFO:CONSOLE(20)] "UserManager.signinSilent: successful, signed in sub:  60", source: https://ambev.checkmarx.net/CxWebClient/webApp/Scripts/libs/authenticationScripts?v=D6en8B9ViadcN2A9dqj2IBDwqHwJUo9FMotkCC5Q63E1 (20)
[0830/183153.436:INFO:CONSOLE(20)] "UserManager.signinSilent: successful, signed in sub:  60", source: https://ambev.checkmarx.net/CxWebClient/webApp/Scripts/libs/authenticationScripts?v=D6en8B9ViadcN2A9dqj2IBDwqHwJUo9FMotkCC5Q63E1 (20)
[0830/183155.213:INFO:CONSOLE(20)] "UserManager.signinSilent: successful, signed in sub:  60", source: https://ambev.checkmarx.net/CxWebClient/webApp/Scripts/libs/authenticationScripts?v=D6en8B9ViadcN2A9dqj2IBDwqHwJUo9FMotkCC5Q63E1 (20)
[0830/183558.537:INFO:CONSOLE(20)] "UserManager.signinSilent: successful, signed in sub:  60", source: https://ambev.checkmarx.net/CxWebClient/webApp/Scripts/libs/authenticationScripts?v=D6en8B9ViadcN2A9dqj2IBDwqHwJUo9FMotkCC5Q63E1 (20)
[0830/184019.155:INFO:CONSOLE(20)] "UserManager.signinSilent: successful, signed in sub:  60", source: https://ambev.checkmarx.net/CxWebClient/webApp/Scripts/libs/authenticationScripts?v=D6en8B9ViadcN2A9dqj2IBDwqHwJUo9FMotkCC5Q63E1 (20)
[0830/184432.461:INFO:CONSOLE(20)] "UserManager.signinSilent: successful, signed in sub:  60", source: https://ambev.checkmarx.net/CxWebClient/webApp/Scripts/libs/authenticationScripts?v=D6en8B9ViadcN2A9dqj2IBDwqHwJUo9FMotkCC5Q63E1 (20)
[0830/184901.856:WARNING:dns_config_service_win.cc(512)] Failed to read DnsConfig.
[0830/184901.857:WARNING:dns_config_service_win.cc(512)] Failed to read DnsConfig.
[0830/184917.478:INFO:CONSOLE(20)] "Frame window timed out", source: https://ambev.checkmarx.net/CxWebClient/webApp/Scripts/libs/authenticationScripts?v=D6en8B9ViadcN2A9dqj2IBDwqHwJUo9FMotkCC5Q63E1 (20)
[0830/184917.482:INFO:CONSOLE(20)] "Unhandled promise rejection Error: Frame window timed out", source: https://ambev.checkmarx.net/CxWebClient/webApp/Scripts/libs/authenticationScripts?v=D6en8B9ViadcN2A9dqj2IBDwqHwJUo9FMotkCC5Q63E1 (20)
[0831/112306.193:INFO:CONSOLE(98)] "Uncaught (in promise) Error: Bad Request", source: https://ambev.checkmarx.net/CxRestAPI/auth/bundle-6886f3cbea6790493eed.js (98)
[0831/112322.314:INFO:CONSOLE(20)] "UserManager.getUser: user not found in storage", source: https://ambev.checkmarx.net/CxWebClient/webApp/Scripts/libs/authenticationScripts?v=D6en8B9ViadcN2A9dqj2IBDwqHwJUo9FMotkCC5Q63E1 (20)
[0831/112322.314:INFO:CONSOLE(20)] "UserManager.getUser: user not found in storage", source: https://ambev.checkmarx.net/CxWebClient/webApp/Scripts/libs/authenticationScripts?v=D6en8B9ViadcN2A9dqj2IBDwqHwJUo9FMotkCC5Q63E1 (20)
[0831/112322.314:INFO:CONSOLE(253)] "try connecting to AC", source: https://ambev.checkmarx.net/CxWebClient/webApp/Scripts/libs/authenticationScripts?v=D6en8B9ViadcN2A9dqj2IBDwqHwJUo9FMotkCC5Q63E1 (253)
[0831/112322.479:INFO:CONSOLE(20)] "UserManager.signinRedirect: successful", source: https://ambev.checkmarx.net/CxWebClient/webApp/Scripts/libs/authenticationScripts?v=D6en8B9ViadcN2A9dqj2IBDwqHwJUo9FMotkCC5Q63E1 (20)
[0831/112322.479:INFO:CONSOLE(206)] "signinRedirect succeeded", source: https://ambev.checkmarx.net/CxWebClient/webApp/Scripts/libs/authenticationScripts?v=D6en8B9ViadcN2A9dqj2IBDwqHwJUo9FMotkCC5Q63E1 (206)
[0831/112324.987:INFO:CONSOLE(20)] "UserManager.getUser: user loaded", source: https://ambev.checkmarx.net/CxWebClient/webApp/Scripts/libs/authenticationScripts?v=D6en8B9ViadcN2A9dqj2IBDwqHwJUo9FMotkCC5Q63E1 (20)
[0831/112324.987:INFO:CONSOLE(20)] "UserManager.getUser: user loaded", source: https://ambev.checkmarx.net/CxWebClient/webApp/Scripts/libs/authenticationScripts?v=D6en8B9ViadcN2A9dqj2IBDwqHwJUo9FMotkCC5Q63E1 (20)
[0831/112324.988:INFO:CONSOLE(257)] "user is logged in", source: https://ambev.checkmarx.net/CxWebClient/webApp/Scripts/libs/authenticationScripts?v=D6en8B9ViadcN2A9dqj2IBDwqHwJUo9FMotkCC5Q63E1 (257)
[0831/112324.988:INFO:CONSOLE(259)] "startSessionTimer", source: https://ambev.checkmarx.net/CxWebClient/webApp/Scripts/libs/authenticationScripts?v=D6en8B9ViadcN2A9dqj2IBDwqHwJUo9FMotkCC5Q63E1 (259)
[0831/112325.125:INFO:CONSOLE(157)] "get sessionTimeout :57600", source: https://ambev.checkmarx.net/CxWebClient/webApp/Scripts/libs/authenticationScripts?v=D6en8B9ViadcN2A9dqj2IBDwqHwJUo9FMotkCC5Q63E1 (157)
[0831/112327.548:INFO:CONSOLE(20)] "UserManager.getUser: user not found in storage", source: https://ambev.checkmarx.net/CxWebClient/webApp/Scripts/libs/authenticationScripts?v=D6en8B9ViadcN2A9dqj2IBDwqHwJUo9FMotkCC5Q63E1 (20)
[0831/112327.549:INFO:CONSOLE(20)] "UserManager.getUser: user not found in storage", source: https://ambev.checkmarx.net/CxWebClient/webApp/Scripts/libs/authenticationScripts?v=D6en8B9ViadcN2A9dqj2IBDwqHwJUo9FMotkCC5Q63E1 (20)
[0831/112327.549:INFO:CONSOLE(253)] "try connecting to AC", source: https://ambev.checkmarx.net/CxWebClient/webApp/Scripts/libs/authenticationScripts?v=D6en8B9ViadcN2A9dqj2IBDwqHwJUo9FMotkCC5Q63E1 (253)
[0831/112327.712:INFO:CONSOLE(20)] "UserManager.signinRedirect: successful", source: https://ambev.checkmarx.net/CxWebClient/webApp/Scripts/libs/authenticationScripts?v=D6en8B9ViadcN2A9dqj2IBDwqHwJUo9FMotkCC5Q63E1 (20)
[0831/112327.712:INFO:CONSOLE(206)] "signinRedirect succeeded", source: https://ambev.checkmarx.net/CxWebClient/webApp/Scripts/libs/authenticationScripts?v=D6en8B9ViadcN2A9dqj2IBDwqHwJUo9FMotkCC5Q63E1 (206)
[0831/112329.687:INFO:CONSOLE(20)] "UserManager.getUser: user loaded", source: https://ambev.checkmarx.net/CxWebClient/webApp/Scripts/libs/authenticationScripts?v=D6en8B9ViadcN2A9dqj2IBDwqHwJUo9FMotkCC5Q63E1 (20)
[0831/112329.687:INFO:CONSOLE(20)] "UserManager.getUser: user loaded", source: https://ambev.checkmarx.net/CxWebClient/webApp/Scripts/libs/authenticationScripts?v=D6en8B9ViadcN2A9dqj2IBDwqHwJUo9FMotkCC5Q63E1 (20)
[0831/112329.688:INFO:CONSOLE(257)] "user is logged in", source: https://ambev.checkmarx.net/CxWebClient/webApp/Scripts/libs/authenticationScripts?v=D6en8B9ViadcN2A9dqj2IBDwqHwJUo9FMotkCC5Q63E1 (257)
[0831/112329.688:INFO:CONSOLE(259)] "startSessionTimer", source: https://ambev.checkmarx.net/CxWebClient/webApp/Scripts/libs/authenticationScripts?v=D6en8B9ViadcN2A9dqj2IBDwqHwJUo9FMotkCC5Q63E1 (259)
[0831/112329.825:INFO:CONSOLE(157)] "get sessionTimeout :57600", source: https://ambev.checkmarx.net/CxWebClient/webApp/Scripts/libs/authenticationScripts?v=D6en8B9ViadcN2A9dqj2IBDwqHwJUo9FMotkCC5Q63E1 (157)
[0831/112330.599:INFO:CONSOLE(1)] "ARM is not installed.", source: https://ambev.checkmarx.net/CxWebClient/portal/Scripts/portal?v=jOT8lxGGDkQUjJtEP36MN4AYLqsTTOfwho25xDCLwX81 (1)
[0831/112330.599:INFO:CONSOLE(1)] "ARM is not installed.", source: https://ambev.checkmarx.net/CxWebClient/portal/Scripts/portal?v=jOT8lxGGDkQUjJtEP36MN4AYLqsTTOfwho25xDCLwX81 (1)
[0831/112430.970:ERROR:gpu_init.cc(440)] Passthrough is not supported, GL is disabled, ANGLE is 
[0831/112730.911:INFO:CONSOLE(20)] "UserManager.signinSilent: successful, signed in sub:  60", source: https://ambev.checkmarx.net/CxWebClient/webApp/Scripts/libs/authenticationScripts?v=D6en8B9ViadcN2A9dqj2IBDwqHwJUo9FMotkCC5Q63E1 (20)
[0831/113131.970:INFO:CONSOLE(20)] "UserManager.signinSilent: successful, signed in sub:  60", source: https://ambev.checkmarx.net/CxWebClient/webApp/Scripts/libs/authenticationScripts?v=D6en8B9ViadcN2A9dqj2IBDwqHwJUo9FMotkCC5Q63E1 (20)
[0831/113318.214:INFO:CONSOLE(20)] "UserManager.getUser: user not found in storage", source: https://ambev.checkmarx.net/CxWebClient/webApp/Scripts/libs/authenticationScripts?v=D6en8B9ViadcN2A9dqj2IBDwqHwJUo9FMotkCC5Q63E1 (20)
[0831/113318.214:INFO:CONSOLE(20)] "UserManager.getUser: user not found in storage", source: https://ambev.checkmarx.net/CxWebClient/webApp/Scripts/libs/authenticationScripts?v=D6en8B9ViadcN2A9dqj2IBDwqHwJUo9FMotkCC5Q63E1 (20)
[0831/113318.214:INFO:CONSOLE(253)] "try connecting to AC", source: https://ambev.checkmarx.net/CxWebClient/webApp/Scripts/libs/authenticationScripts?v=D6en8B9ViadcN2A9dqj2IBDwqHwJUo9FMotkCC5Q63E1 (253)
[0831/113318.623:INFO:CONSOLE(20)] "UserManager.signinRedirect: successful", source: https://ambev.checkmarx.net/CxWebClient/webApp/Scripts/libs/authenticationScripts?v=D6en8B9ViadcN2A9dqj2IBDwqHwJUo9FMotkCC5Q63E1 (20)
[0831/113318.623:INFO:CONSOLE(206)] "signinRedirect succeeded", source: https://ambev.checkmarx.net/CxWebClient/webApp/Scripts/libs/authenticationScripts?v=D6en8B9ViadcN2A9dqj2IBDwqHwJUo9FMotkCC5Q63E1 (206)
[0831/113319.901:INFO:CONSOLE(20)] "UserManager.getUser: user loaded", source: https://ambev.checkmarx.net/CxWebClient/webApp/Scripts/libs/authenticationScripts?v=D6en8B9ViadcN2A9dqj2IBDwqHwJUo9FMotkCC5Q63E1 (20)
[0831/113319.902:INFO:CONSOLE(20)] "UserManager.getUser: user loaded", source: https://ambev.checkmarx.net/CxWebClient/webApp/Scripts/libs/authenticationScripts?v=D6en8B9ViadcN2A9dqj2IBDwqHwJUo9FMotkCC5Q63E1 (20)
[0831/113319.902:INFO:CONSOLE(257)] "user is logged in", source: https://ambev.checkmarx.net/CxWebClient/webApp/Scripts/libs/authenticationScripts?v=D6en8B9ViadcN2A9dqj2IBDwqHwJUo9FMotkCC5Q63E1 (257)
[0831/113319.902:INFO:CONSOLE(259)] "startSessionTimer", source: https://ambev.checkmarx.net/CxWebClient/webApp/Scripts/libs/authenticationScripts?v=D6en8B9ViadcN2A9dqj2IBDwqHwJUo9FMotkCC5Q63E1 (259)
[0831/113320.119:INFO:CONSOLE(157)] "get sessionTimeout :57600", source: https://ambev.checkmarx.net/CxWebClient/webApp/Scripts/libs/authenticationScripts?v=D6en8B9ViadcN2A9dqj2IBDwqHwJUo9FMotkCC5Q63E1 (157)
[0831/113320.209:INFO:CONSOLE(1)] "ARM is not installed.", source: https://ambev.checkmarx.net/CxWebClient/portal/Scripts/portal?v=jOT8lxGGDkQUjJtEP36MN4AYLqsTTOfwho25xDCLwX81 (1)
[0831/113320.209:INFO:CONSOLE(1)] "ARM is not installed.", source: https://ambev.checkmarx.net/CxWebClient/portal/Scripts/portal?v=jOT8lxGGDkQUjJtEP36MN4AYLqsTTOfwho25xDCLwX81 (1)
[0831/113532.925:INFO:CONSOLE(20)] "UserManager.signinSilent: successful, signed in sub:  60", source: https://ambev.checkmarx.net/CxWebClient/webApp/Scripts/libs/authenticationScripts?v=D6en8B9ViadcN2A9dqj2IBDwqHwJUo9FMotkCC5Q63E1 (20)
[0831/113720.629:INFO:CONSOLE(20)] "UserManager.signinSilent: successful, signed in sub:  60", source: https://ambev.checkmarx.net/CxWebClient/webApp/Scripts/libs/authenticationScripts?v=D6en8B9ViadcN2A9dqj2IBDwqHwJUo9FMotkCC5Q63E1 (20)
[0831/113933.875:INFO:CONSOLE(20)] "UserManager.signinSilent: successful, signed in sub:  60", source: https://ambev.checkmarx.net/CxWebClient/webApp/Scripts/libs/authenticationScripts?v=D6en8B9ViadcN2A9dqj2IBDwqHwJUo9FMotkCC5Q63E1 (20)
[0831/114121.339:INFO:CONSOLE(20)] "UserManager.signinSilent: successful, signed in sub:  60", source: https://ambev.checkmarx.net/CxWebClient/webApp/Scripts/libs/authenticationScripts?v=D6en8B9ViadcN2A9dqj2IBDwqHwJUo9FMotkCC5Q63E1 (20)
[0831/114334.831:INFO:CONSOLE(20)] "UserManager.signinSilent: successful, signed in sub:  60", source: https://ambev.checkmarx.net/CxWebClient/webApp/Scripts/libs/authenticationScripts?v=D6en8B9ViadcN2A9dqj2IBDwqHwJUo9FMotkCC5Q63E1 (20)
[0831/114522.033:INFO:CONSOLE(20)] "UserManager.signinSilent: successful, signed in sub:  60", source: https://ambev.checkmarx.net/CxWebClient/webApp/Scripts/libs/authenticationScripts?v=D6en8B9ViadcN2A9dqj2IBDwqHwJUo9FMotkCC5Q63E1 (20)
[0831/114735.830:INFO:CONSOLE(20)] "UserManager.signinSilent: successful, signed in sub:  60", source: https://ambev.checkmarx.net/CxWebClient/webApp/Scripts/libs/authenticationScripts?v=D6en8B9ViadcN2A9dqj2IBDwqHwJUo9FMotkCC5Q63E1 (20)
[0831/114922.769:INFO:CONSOLE(20)] "UserManager.signinSilent: successful, signed in sub:  60", source: https://ambev.checkmarx.net/CxWebClient/webApp/Scripts/libs/authenticationScripts?v=D6en8B9ViadcN2A9dqj2IBDwqHwJUo9FMotkCC5Q63E1 (20)
[0831/115136.804:INFO:CONSOLE(20)] "UserManager.signinSilent: successful, signed in sub:  60", source: https://ambev.checkmarx.net/CxWebClient/webApp/Scripts/libs/authenticationScripts?v=D6en8B9ViadcN2A9dqj2IBDwqHwJUo9FMotkCC5Q63E1 (20)
[0831/115323.485:INFO:CONSOLE(20)] "UserManager.signinSilent: successful, signed in sub:  60", source: https://ambev.checkmarx.net/CxWebClient/webApp/Scripts/libs/authenticationScripts?v=D6en8B9ViadcN2A9dqj2IBDwqHwJUo9FMotkCC5Q63E1 (20)
[0831/115537.775:INFO:CONSOLE(20)] "UserManager.signinSilent: successful, signed in sub:  60", source: https://ambev.checkmarx.net/CxWebClient/webApp/Scripts/libs/authenticationScripts?v=D6en8B9ViadcN2A9dqj2IBDwqHwJUo9FMotkCC5Q63E1 (20)
[0831/115553.796:INFO:CONSOLE(20)] "ResponseValidator._processSigninParams: Response was error login_required", source: https://ambev.checkmarx.net/CxWebClient/webApp/Scripts/libs/authenticationScripts?v=D6en8B9ViadcN2A9dqj2IBDwqHwJUo9FMotkCC5Q63E1 (20)
[0831/115553.796:INFO:CONSOLE(20)] "UserManager.removeUser: user removed from storage", source: https://ambev.checkmarx.net/CxWebClient/webApp/Scripts/libs/authenticationScripts?v=D6en8B9ViadcN2A9dqj2IBDwqHwJUo9FMotkCC5Q63E1 (20)
[0831/115553.796:INFO:CONSOLE(20)] "UserManager.getUser: user not found in storage", source: https://ambev.checkmarx.net/CxWebClient/webApp/Scripts/libs/authenticationScripts?v=D6en8B9ViadcN2A9dqj2IBDwqHwJUo9FMotkCC5Q63E1 (20)
[0831/115553.796:INFO:CONSOLE(253)] "try connecting to AC", source: https://ambev.checkmarx.net/CxWebClient/webApp/Scripts/libs/authenticationScripts?v=D6en8B9ViadcN2A9dqj2IBDwqHwJUo9FMotkCC5Q63E1 (253)
[0831/115553.799:INFO:CONSOLE(20)] "UserManager.signinRedirect: successful", source: https://ambev.checkmarx.net/CxWebClient/webApp/Scripts/libs/authenticationScripts?v=D6en8B9ViadcN2A9dqj2IBDwqHwJUo9FMotkCC5Q63E1 (20)
[0831/115553.799:INFO:CONSOLE(206)] "signinRedirect succeeded", source: https://ambev.checkmarx.net/CxWebClient/webApp/Scripts/libs/authenticationScripts?v=D6en8B9ViadcN2A9dqj2IBDwqHwJUo9FMotkCC5Q63E1 (206)
[0831/115554.085:INFO:CONSOLE(20)] "ResponseValidator._processSigninParams: Response was error login_required", source: https://ambev.checkmarx.net/CxWebClient/webApp/Scripts/libs/authenticationScripts?v=D6en8B9ViadcN2A9dqj2IBDwqHwJUo9FMotkCC5Q63E1 (20)
[0831/115554.086:INFO:CONSOLE(20)] "UserManager.removeUser: user removed from storage", source: https://ambev.checkmarx.net/CxWebClient/webApp/Scripts/libs/authenticationScripts?v=D6en8B9ViadcN2A9dqj2IBDwqHwJUo9FMotkCC5Q63E1 (20)
[0831/115554.086:INFO:CONSOLE(20)] "UserManager.getUser: user not found in storage", source: https://ambev.checkmarx.net/CxWebClient/webApp/Scripts/libs/authenticationScripts?v=D6en8B9ViadcN2A9dqj2IBDwqHwJUo9FMotkCC5Q63E1 (20)
[0831/115554.086:INFO:CONSOLE(253)] "try connecting to AC", source: https://ambev.checkmarx.net/CxWebClient/webApp/Scripts/libs/authenticationScripts?v=D6en8B9ViadcN2A9dqj2IBDwqHwJUo9FMotkCC5Q63E1 (253)
[0831/115554.088:INFO:CONSOLE(20)] "UserManager.signinRedirect: successful", source: https://ambev.checkmarx.net/CxWebClient/webApp/Scripts/libs/authenticationScripts?v=D6en8B9ViadcN2A9dqj2IBDwqHwJUo9FMotkCC5Q63E1 (20)
[0831/115554.088:INFO:CONSOLE(206)] "signinRedirect succeeded", source: https://ambev.checkmarx.net/CxWebClient/webApp/Scripts/libs/authenticationScripts?v=D6en8B9ViadcN2A9dqj2IBDwqHwJUo9FMotkCC5Q63E1 (206)
[0831/115604.656:WARNING:frame_impl.cc(423)] SendProcessMessage sent to detached frame 21474836481 [5,1] will be ignored
[0831/115913.709:INFO:CONSOLE(20)] "UserManager.getUser: user not found in storage", source: https://ambev.checkmarx.net/CxWebClient/webApp/Scripts/libs/authenticationScripts?v=D6en8B9ViadcN2A9dqj2IBDwqHwJUo9FMotkCC5Q63E1 (20)
[0831/115913.709:INFO:CONSOLE(20)] "UserManager.getUser: user not found in storage", source: https://ambev.checkmarx.net/CxWebClient/webApp/Scripts/libs/authenticationScripts?v=D6en8B9ViadcN2A9dqj2IBDwqHwJUo9FMotkCC5Q63E1 (20)
[0831/115913.709:INFO:CONSOLE(253)] "try connecting to AC", source: https://ambev.checkmarx.net/CxWebClient/webApp/Scripts/libs/authenticationScripts?v=D6en8B9ViadcN2A9dqj2IBDwqHwJUo9FMotkCC5Q63E1 (253)
[0831/115913.873:INFO:CONSOLE(20)] "UserManager.signinRedirect: successful", source: https://ambev.checkmarx.net/CxWebClient/webApp/Scripts/libs/authenticationScripts?v=D6en8B9ViadcN2A9dqj2IBDwqHwJUo9FMotkCC5Q63E1 (20)
[0831/115913.873:INFO:CONSOLE(206)] "signinRedirect succeeded", source: https://ambev.checkmarx.net/CxWebClient/webApp/Scripts/libs/authenticationScripts?v=D6en8B9ViadcN2A9dqj2IBDwqHwJUo9FMotkCC5Q63E1 (206)
[0831/115920.163:INFO:CONSOLE(20)] "UserManager.getUser: user loaded", source: https://ambev.checkmarx.net/CxWebClient/webApp/Scripts/libs/authenticationScripts?v=D6en8B9ViadcN2A9dqj2IBDwqHwJUo9FMotkCC5Q63E1 (20)
[0831/115920.164:INFO:CONSOLE(20)] "UserManager.getUser: user loaded", source: https://ambev.checkmarx.net/CxWebClient/webApp/Scripts/libs/authenticationScripts?v=D6en8B9ViadcN2A9dqj2IBDwqHwJUo9FMotkCC5Q63E1 (20)
[0831/115920.164:INFO:CONSOLE(257)] "user is logged in", source: https://ambev.checkmarx.net/CxWebClient/webApp/Scripts/libs/authenticationScripts?v=D6en8B9ViadcN2A9dqj2IBDwqHwJUo9FMotkCC5Q63E1 (257)
[0831/115920.164:INFO:CONSOLE(259)] "startSessionTimer", source: https://ambev.checkmarx.net/CxWebClient/webApp/Scripts/libs/authenticationScripts?v=D6en8B9ViadcN2A9dqj2IBDwqHwJUo9FMotkCC5Q63E1 (259)
[0831/115920.298:INFO:CONSOLE(157)] "get sessionTimeout :57600", source: https://ambev.checkmarx.net/CxWebClient/webApp/Scripts/libs/authenticationScripts?v=D6en8B9ViadcN2A9dqj2IBDwqHwJUo9FMotkCC5Q63E1 (157)
[0831/115920.531:INFO:CONSOLE(1)] "ARM is not installed.", source: https://ambev.checkmarx.net/CxWebClient/portal/Scripts/portal?v=jOT8lxGGDkQUjJtEP36MN4AYLqsTTOfwho25xDCLwX81 (1)
[0831/115920.532:INFO:CONSOLE(1)] "ARM is not installed.", source: https://ambev.checkmarx.net/CxWebClient/portal/Scripts/portal?v=jOT8lxGGDkQUjJtEP36MN4AYLqsTTOfwho25xDCLwX81 (1)
[0831/120009.774:ERROR:gpu_init.cc(440)] Passthrough is not supported, GL is disabled, ANGLE is 
[0831/134404.127:INFO:CONSOLE(20)] "UserManager.getUser: user not found in storage", source: https://ambev.checkmarx.net/CxWebClient/webApp/Scripts/libs/authenticationScripts?v=D6en8B9ViadcN2A9dqj2IBDwqHwJUo9FMotkCC5Q63E1 (20)
[0831/134404.127:INFO:CONSOLE(20)] "UserManager.getUser: user not found in storage", source: https://ambev.checkmarx.net/CxWebClient/webApp/Scripts/libs/authenticationScripts?v=D6en8B9ViadcN2A9dqj2IBDwqHwJUo9FMotkCC5Q63E1 (20)
[0831/134404.127:INFO:CONSOLE(253)] "try connecting to AC", source: https://ambev.checkmarx.net/CxWebClient/webApp/Scripts/libs/authenticationScripts?v=D6en8B9ViadcN2A9dqj2IBDwqHwJUo9FMotkCC5Q63E1 (253)
[0831/134404.302:INFO:CONSOLE(20)] "UserManager.signinRedirect: successful", source: https://ambev.checkmarx.net/CxWebClient/webApp/Scripts/libs/authenticationScripts?v=D6en8B9ViadcN2A9dqj2IBDwqHwJUo9FMotkCC5Q63E1 (20)
[0831/134404.302:INFO:CONSOLE(206)] "signinRedirect succeeded", source: https://ambev.checkmarx.net/CxWebClient/webApp/Scripts/libs/authenticationScripts?v=D6en8B9ViadcN2A9dqj2IBDwqHwJUo9FMotkCC5Q63E1 (206)
[0831/134410.657:INFO:CONSOLE(20)] "UserManager.getUser: user loaded", source: https://ambev.checkmarx.net/CxWebClient/webApp/Scripts/libs/authenticationScripts?v=D6en8B9ViadcN2A9dqj2IBDwqHwJUo9FMotkCC5Q63E1 (20)
[0831/134410.657:INFO:CONSOLE(20)] "UserManager.getUser: user loaded", source: https://ambev.checkmarx.net/CxWebClient/webApp/Scripts/libs/authenticationScripts?v=D6en8B9ViadcN2A9dqj2IBDwqHwJUo9FMotkCC5Q63E1 (20)
[0831/134410.658:INFO:CONSOLE(257)] "user is logged in", source: https://ambev.checkmarx.net/CxWebClient/webApp/Scripts/libs/authenticationScripts?v=D6en8B9ViadcN2A9dqj2IBDwqHwJUo9FMotkCC5Q63E1 (257)
[0831/134410.658:INFO:CONSOLE(259)] "startSessionTimer", source: https://ambev.checkmarx.net/CxWebClient/webApp/Scripts/libs/authenticationScripts?v=D6en8B9ViadcN2A9dqj2IBDwqHwJUo9FMotkCC5Q63E1 (259)
[0831/134411.426:INFO:CONSOLE(157)] "get sessionTimeout :57600", source: https://ambev.checkmarx.net/CxWebClient/webApp/Scripts/libs/authenticationScripts?v=D6en8B9ViadcN2A9dqj2IBDwqHwJUo9FMotkCC5Q63E1 (157)
[0831/134411.536:INFO:CONSOLE(1)] "ARM is not installed.", source: https://ambev.checkmarx.net/CxWebClient/portal/Scripts/portal?v=jOT8lxGGDkQUjJtEP36MN4AYLqsTTOfwho25xDCLwX81 (1)
[0831/134411.537:INFO:CONSOLE(1)] "ARM is not installed.", source: https://ambev.checkmarx.net/CxWebClient/portal/Scripts/portal?v=jOT8lxGGDkQUjJtEP36MN4AYLqsTTOfwho25xDCLwX81 (1)
[0831/134507.997:ERROR:gpu_init.cc(440)] Passthrough is not supported, GL is disabled, ANGLE is 
[0831/134811.663:INFO:CONSOLE(20)] "UserManager.signinSilent: successful, signed in sub:  60", source: https://ambev.checkmarx.net/CxWebClient/webApp/Scripts/libs/authenticationScripts?v=D6en8B9ViadcN2A9dqj2IBDwqHwJUo9FMotkCC5Q63E1 (20)
[0831/135212.621:INFO:CONSOLE(20)] "UserManager.signinSilent: successful, signed in sub:  60", source: https://ambev.checkmarx.net/CxWebClient/webApp/Scripts/libs/authenticationScripts?v=D6en8B9ViadcN2A9dqj2IBDwqHwJUo9FMotkCC5Q63E1 (20)
[0831/135613.575:INFO:CONSOLE(20)] "UserManager.signinSilent: successful, signed in sub:  60", source: https://ambev.checkmarx.net/CxWebClient/webApp/Scripts/libs/authenticationScripts?v=D6en8B9ViadcN2A9dqj2IBDwqHwJUo9FMotkCC5Q63E1 (20)
[0831/140014.530:INFO:CONSOLE(20)] "UserManager.signinSilent: successful, signed in sub:  60", source: https://ambev.checkmarx.net/CxWebClient/webApp/Scripts/libs/authenticationScripts?v=D6en8B9ViadcN2A9dqj2IBDwqHwJUo9FMotkCC5Q63E1 (20)
[0831/140415.543:INFO:CONSOLE(20)] "UserManager.signinSilent: successful, signed in sub:  60", source: https://ambev.checkmarx.net/CxWebClient/webApp/Scripts/libs/authenticationScripts?v=D6en8B9ViadcN2A9dqj2IBDwqHwJUo9FMotkCC5Q63E1 (20)
[0831/140817.491:INFO:CONSOLE(20)] "UserManager.signinSilent: successful, signed in sub:  60", source: https://ambev.checkmarx.net/CxWebClient/webApp/Scripts/libs/authenticationScripts?v=D6en8B9ViadcN2A9dqj2IBDwqHwJUo9FMotkCC5Q63E1 (20)
[0831/141218.450:INFO:CONSOLE(20)] "UserManager.signinSilent: successful, signed in sub:  60", source: https://ambev.checkmarx.net/CxWebClient/webApp/Scripts/libs/authenticationScripts?v=D6en8B9ViadcN2A9dqj2IBDwqHwJUo9FMotkCC5Q63E1 (20)
[0831/141619.417:INFO:CONSOLE(20)] "UserManager.signinSilent: successful, signed in sub:  60", source: https://ambev.checkmarx.net/CxWebClient/webApp/Scripts/libs/authenticationScripts?v=D6en8B9ViadcN2A9dqj2IBDwqHwJUo9FMotkCC5Q63E1 (20)
[0831/150309.399:ERROR:gpu_init.cc(440)] Passthrough is not supported, GL is disabled, ANGLE is 
[0831/151233.137:INFO:CONSOLE(20)] "UserManager.getUser: user not found in storage", source: https://ambev.checkmarx.net/CxWebClient/webApp/Scripts/libs/authenticationScripts?v=D6en8B9ViadcN2A9dqj2IBDwqHwJUo9FMotkCC5Q63E1 (20)
[0831/151233.138:INFO:CONSOLE(20)] "UserManager.getUser: user not found in storage", source: https://ambev.checkmarx.net/CxWebClient/webApp/Scripts/libs/authenticationScripts?v=D6en8B9ViadcN2A9dqj2IBDwqHwJUo9FMotkCC5Q63E1 (20)
[0831/151233.139:INFO:CONSOLE(253)] "try connecting to AC", source: https://ambev.checkmarx.net/CxWebClient/webApp/Scripts/libs/authenticationScripts?v=D6en8B9ViadcN2A9dqj2IBDwqHwJUo9FMotkCC5Q63E1 (253)
[0831/151233.341:INFO:CONSOLE(20)] "UserManager.signinRedirect: successful", source: https://ambev.checkmarx.net/CxWebClient/webApp/Scripts/libs/authenticationScripts?v=D6en8B9ViadcN2A9dqj2IBDwqHwJUo9FMotkCC5Q63E1 (20)
[0831/151233.341:INFO:CONSOLE(206)] "signinRedirect succeeded", source: https://ambev.checkmarx.net/CxWebClient/webApp/Scripts/libs/authenticationScripts?v=D6en8B9ViadcN2A9dqj2IBDwqHwJUo9FMotkCC5Q63E1 (206)
[0831/151240.624:INFO:CONSOLE(20)] "UserManager.getUser: user loaded", source: https://ambev.checkmarx.net/CxWebClient/webApp/Scripts/libs/authenticationScripts?v=D6en8B9ViadcN2A9dqj2IBDwqHwJUo9FMotkCC5Q63E1 (20)
[0831/151240.625:INFO:CONSOLE(20)] "UserManager.getUser: user loaded", source: https://ambev.checkmarx.net/CxWebClient/webApp/Scripts/libs/authenticationScripts?v=D6en8B9ViadcN2A9dqj2IBDwqHwJUo9FMotkCC5Q63E1 (20)
[0831/151240.626:INFO:CONSOLE(257)] "user is logged in", source: https://ambev.checkmarx.net/CxWebClient/webApp/Scripts/libs/authenticationScripts?v=D6en8B9ViadcN2A9dqj2IBDwqHwJUo9FMotkCC5Q63E1 (257)
[0831/151240.626:INFO:CONSOLE(259)] "startSessionTimer", source: https://ambev.checkmarx.net/CxWebClient/webApp/Scripts/libs/authenticationScripts?v=D6en8B9ViadcN2A9dqj2IBDwqHwJUo9FMotkCC5Q63E1 (259)
[0831/151240.836:INFO:CONSOLE(157)] "get sessionTimeout :57600", source: https://ambev.checkmarx.net/CxWebClient/webApp/Scripts/libs/authenticationScripts?v=D6en8B9ViadcN2A9dqj2IBDwqHwJUo9FMotkCC5Q63E1 (157)
[0831/151241.342:INFO:CONSOLE(1)] "ARM is not installed.", source: https://ambev.checkmarx.net/CxWebClient/portal/Scripts/portal?v=jOT8lxGGDkQUjJtEP36MN4AYLqsTTOfwho25xDCLwX81 (1)
[0831/151241.342:INFO:CONSOLE(1)] "ARM is not installed.", source: https://ambev.checkmarx.net/CxWebClient/portal/Scripts/portal?v=jOT8lxGGDkQUjJtEP36MN4AYLqsTTOfwho25xDCLwX81 (1)
[0831/151642.270:INFO:CONSOLE(20)] "UserManager.signinSilent: successful, signed in sub:  55", source: https://ambev.checkmarx.net/CxWebClient/webApp/Scripts/libs/authenticationScripts?v=D6en8B9ViadcN2A9dqj2IBDwqHwJUo9FMotkCC5Q63E1 (20)
[0831/151924.941:INFO:CONSOLE(20)] "ResponseValidator._processSigninParams: Response was error login_required", source: https://ambev.checkmarx.net/CxWebClient/webApp/Scripts/libs/authenticationScripts?v=D6en8B9ViadcN2A9dqj2IBDwqHwJUo9FMotkCC5Q63E1 (20)
[0831/151924.941:INFO:CONSOLE(20)] "UserManager.removeUser: user removed from storage", source: https://ambev.checkmarx.net/CxWebClient/webApp/Scripts/libs/authenticationScripts?v=D6en8B9ViadcN2A9dqj2IBDwqHwJUo9FMotkCC5Q63E1 (20)
[0831/151924.941:INFO:CONSOLE(20)] "UserManager.getUser: user not found in storage", source: https://ambev.checkmarx.net/CxWebClient/webApp/Scripts/libs/authenticationScripts?v=D6en8B9ViadcN2A9dqj2IBDwqHwJUo9FMotkCC5Q63E1 (20)
[0831/151924.941:INFO:CONSOLE(253)] "try connecting to AC", source: https://ambev.checkmarx.net/CxWebClient/webApp/Scripts/libs/authenticationScripts?v=D6en8B9ViadcN2A9dqj2IBDwqHwJUo9FMotkCC5Q63E1 (253)
[0831/151924.943:INFO:CONSOLE(20)] "UserManager.signinRedirect: successful", source: https://ambev.checkmarx.net/CxWebClient/webApp/Scripts/libs/authenticationScripts?v=D6en8B9ViadcN2A9dqj2IBDwqHwJUo9FMotkCC5Q63E1 (20)
[0831/151924.943:INFO:CONSOLE(206)] "signinRedirect succeeded", source: https://ambev.checkmarx.net/CxWebClient/webApp/Scripts/libs/authenticationScripts?v=D6en8B9ViadcN2A9dqj2IBDwqHwJUo9FMotkCC5Q63E1 (206)
[0831/153003.161:WARNING:frame_impl.cc(423)] SendProcessMessage sent to detached frame 21474836481 [5,1] will be ignored
[0831/153019.009:INFO:CONSOLE(20)] "UserManager.getUser: user not found in storage", source: https://ambev.checkmarx.net/CxWebClient/webApp/Scripts/libs/authenticationScripts?v=D6en8B9ViadcN2A9dqj2IBDwqHwJUo9FMotkCC5Q63E1 (20)
[0831/153019.009:INFO:CONSOLE(20)] "UserManager.getUser: user not found in storage", source: https://ambev.checkmarx.net/CxWebClient/webApp/Scripts/libs/authenticationScripts?v=D6en8B9ViadcN2A9dqj2IBDwqHwJUo9FMotkCC5Q63E1 (20)
[0831/153019.009:INFO:CONSOLE(253)] "try connecting to AC", source: https://ambev.checkmarx.net/CxWebClient/webApp/Scripts/libs/authenticationScripts?v=D6en8B9ViadcN2A9dqj2IBDwqHwJUo9FMotkCC5Q63E1 (253)
[0831/153019.207:INFO:CONSOLE(20)] "UserManager.signinRedirect: successful", source: https://ambev.checkmarx.net/CxWebClient/webApp/Scripts/libs/authenticationScripts?v=D6en8B9ViadcN2A9dqj2IBDwqHwJUo9FMotkCC5Q63E1 (20)
[0831/153019.207:INFO:CONSOLE(206)] "signinRedirect succeeded", source: https://ambev.checkmarx.net/CxWebClient/webApp/Scripts/libs/authenticationScripts?v=D6en8B9ViadcN2A9dqj2IBDwqHwJUo9FMotkCC5Q63E1 (206)
[0831/153021.627:INFO:CONSOLE(20)] "UserManager.getUser: user loaded", source: https://ambev.checkmarx.net/CxWebClient/webApp/Scripts/libs/authenticationScripts?v=D6en8B9ViadcN2A9dqj2IBDwqHwJUo9FMotkCC5Q63E1 (20)
[0831/153021.627:INFO:CONSOLE(20)] "UserManager.getUser: user loaded", source: https://ambev.checkmarx.net/CxWebClient/webApp/Scripts/libs/authenticationScripts?v=D6en8B9ViadcN2A9dqj2IBDwqHwJUo9FMotkCC5Q63E1 (20)
[0831/153021.627:INFO:CONSOLE(257)] "user is logged in", source: https://ambev.checkmarx.net/CxWebClient/webApp/Scripts/libs/authenticationScripts?v=D6en8B9ViadcN2A9dqj2IBDwqHwJUo9FMotkCC5Q63E1 (257)
[0831/153021.627:INFO:CONSOLE(259)] "startSessionTimer", source: https://ambev.checkmarx.net/CxWebClient/webApp/Scripts/libs/authenticationScripts?v=D6en8B9ViadcN2A9dqj2IBDwqHwJUo9FMotkCC5Q63E1 (259)
[0831/153021.886:INFO:CONSOLE(157)] "get sessionTimeout :57600", source: https://ambev.checkmarx.net/CxWebClient/webApp/Scripts/libs/authenticationScripts?v=D6en8B9ViadcN2A9dqj2IBDwqHwJUo9FMotkCC5Q63E1 (157)
[0831/153021.890:INFO:CONSOLE(1)] "ARM is not installed.", source: https://ambev.checkmarx.net/CxWebClient/portal/Scripts/portal?v=jOT8lxGGDkQUjJtEP36MN4AYLqsTTOfwho25xDCLwX81 (1)
[0831/153021.890:INFO:CONSOLE(1)] "ARM is not installed.", source: https://ambev.checkmarx.net/CxWebClient/portal/Scripts/portal?v=jOT8lxGGDkQUjJtEP36MN4AYLqsTTOfwho25xDCLwX81 (1)
[0831/153422.734:INFO:CONSOLE(20)] "UserManager.signinSilent: successful, signed in sub:  55", source: https://ambev.checkmarx.net/CxWebClient/webApp/Scripts/libs/authenticationScripts?v=D6en8B9ViadcN2A9dqj2IBDwqHwJUo9FMotkCC5Q63E1 (20)
[0831/153733.448:INFO:CONSOLE(20)] "ResponseValidator._processSigninParams: Response was error login_required", source: https://ambev.checkmarx.net/CxWebClient/webApp/Scripts/libs/authenticationScripts?v=D6en8B9ViadcN2A9dqj2IBDwqHwJUo9FMotkCC5Q63E1 (20)
[0831/153733.448:INFO:CONSOLE(20)] "UserManager.removeUser: user removed from storage", source: https://ambev.checkmarx.net/CxWebClient/webApp/Scripts/libs/authenticationScripts?v=D6en8B9ViadcN2A9dqj2IBDwqHwJUo9FMotkCC5Q63E1 (20)
[0831/153733.448:INFO:CONSOLE(20)] "UserManager.getUser: user not found in storage", source: https://ambev.checkmarx.net/CxWebClient/webApp/Scripts/libs/authenticationScripts?v=D6en8B9ViadcN2A9dqj2IBDwqHwJUo9FMotkCC5Q63E1 (20)
[0831/153733.448:INFO:CONSOLE(253)] "try connecting to AC", source: https://ambev.checkmarx.net/CxWebClient/webApp/Scripts/libs/authenticationScripts?v=D6en8B9ViadcN2A9dqj2IBDwqHwJUo9FMotkCC5Q63E1 (253)
[0831/153733.450:INFO:CONSOLE(20)] "UserManager.signinRedirect: successful", source: https://ambev.checkmarx.net/CxWebClient/webApp/Scripts/libs/authenticationScripts?v=D6en8B9ViadcN2A9dqj2IBDwqHwJUo9FMotkCC5Q63E1 (20)
[0831/153733.450:INFO:CONSOLE(206)] "signinRedirect succeeded", source: https://ambev.checkmarx.net/CxWebClient/webApp/Scripts/libs/authenticationScripts?v=D6en8B9ViadcN2A9dqj2IBDwqHwJUo9FMotkCC5Q63E1 (206)
[0831/155010.328:WARNING:frame_impl.cc(423)] SendProcessMessage sent to detached frame 30064771073 [7,1] will be ignored
[0831/155031.916:INFO:CONSOLE(20)] "UserManager.getUser: user not found in storage", source: https://ambev.checkmarx.net/CxWebClient/webApp/Scripts/libs/authenticationScripts?v=D6en8B9ViadcN2A9dqj2IBDwqHwJUo9FMotkCC5Q63E1 (20)
[0831/155031.916:INFO:CONSOLE(20)] "UserManager.getUser: user not found in storage", source: https://ambev.checkmarx.net/CxWebClient/webApp/Scripts/libs/authenticationScripts?v=D6en8B9ViadcN2A9dqj2IBDwqHwJUo9FMotkCC5Q63E1 (20)
[0831/155031.916:INFO:CONSOLE(253)] "try connecting to AC", source: https://ambev.checkmarx.net/CxWebClient/webApp/Scripts/libs/authenticationScripts?v=D6en8B9ViadcN2A9dqj2IBDwqHwJUo9FMotkCC5Q63E1 (253)
[0831/155032.991:INFO:CONSOLE(20)] "UserManager.signinRedirect: successful", source: https://ambev.checkmarx.net/CxWebClient/webApp/Scripts/libs/authenticationScripts?v=D6en8B9ViadcN2A9dqj2IBDwqHwJUo9FMotkCC5Q63E1 (20)
[0831/155032.991:INFO:CONSOLE(206)] "signinRedirect succeeded", source: https://ambev.checkmarx.net/CxWebClient/webApp/Scripts/libs/authenticationScripts?v=D6en8B9ViadcN2A9dqj2IBDwqHwJUo9FMotkCC5Q63E1 (206)
[0831/155035.225:INFO:CONSOLE(20)] "UserManager.getUser: user loaded", source: https://ambev.checkmarx.net/CxWebClient/webApp/Scripts/libs/authenticationScripts?v=D6en8B9ViadcN2A9dqj2IBDwqHwJUo9FMotkCC5Q63E1 (20)
[0831/155035.225:INFO:CONSOLE(20)] "UserManager.getUser: user loaded", source: https://ambev.checkmarx.net/CxWebClient/webApp/Scripts/libs/authenticationScripts?v=D6en8B9ViadcN2A9dqj2IBDwqHwJUo9FMotkCC5Q63E1 (20)
[0831/155035.227:INFO:CONSOLE(257)] "user is logged in", source: https://ambev.checkmarx.net/CxWebClient/webApp/Scripts/libs/authenticationScripts?v=D6en8B9ViadcN2A9dqj2IBDwqHwJUo9FMotkCC5Q63E1 (257)
[0831/155035.227:INFO:CONSOLE(259)] "startSessionTimer", source: https://ambev.checkmarx.net/CxWebClient/webApp/Scripts/libs/authenticationScripts?v=D6en8B9ViadcN2A9dqj2IBDwqHwJUo9FMotkCC5Q63E1 (259)
[0831/155035.413:INFO:CONSOLE(1)] "ARM is not installed.", source: https://ambev.checkmarx.net/CxWebClient/portal/Scripts/portal?v=jOT8lxGGDkQUjJtEP36MN4AYLqsTTOfwho25xDCLwX81 (1)
[0831/155035.414:INFO:CONSOLE(1)] "ARM is not installed.", source: https://ambev.checkmarx.net/CxWebClient/portal/Scripts/portal?v=jOT8lxGGDkQUjJtEP36MN4AYLqsTTOfwho25xDCLwX81 (1)
[0831/155035.481:INFO:CONSOLE(157)] "get sessionTimeout :57600", source: https://ambev.checkmarx.net/CxWebClient/webApp/Scripts/libs/authenticationScripts?v=D6en8B9ViadcN2A9dqj2IBDwqHwJUo9FMotkCC5Q63E1 (157)
[0831/161741.430:INFO:CONSOLE(20)] "UserManager.getUser: user not found in storage", source: https://ambev.checkmarx.net/CxWebClient/webApp/Scripts/libs/authenticationScripts?v=D6en8B9ViadcN2A9dqj2IBDwqHwJUo9FMotkCC5Q63E1 (20)
[0831/161741.430:INFO:CONSOLE(20)] "UserManager.getUser: user not found in storage", source: https://ambev.checkmarx.net/CxWebClient/webApp/Scripts/libs/authenticationScripts?v=D6en8B9ViadcN2A9dqj2IBDwqHwJUo9FMotkCC5Q63E1 (20)
[0831/161741.430:INFO:CONSOLE(253)] "try connecting to AC", source: https://ambev.checkmarx.net/CxWebClient/webApp/Scripts/libs/authenticationScripts?v=D6en8B9ViadcN2A9dqj2IBDwqHwJUo9FMotkCC5Q63E1 (253)
[0831/161741.738:INFO:CONSOLE(20)] "UserManager.signinRedirect: successful", source: https://ambev.checkmarx.net/CxWebClient/webApp/Scripts/libs/authenticationScripts?v=D6en8B9ViadcN2A9dqj2IBDwqHwJUo9FMotkCC5Q63E1 (20)
[0831/161741.738:INFO:CONSOLE(206)] "signinRedirect succeeded", source: https://ambev.checkmarx.net/CxWebClient/webApp/Scripts/libs/authenticationScripts?v=D6en8B9ViadcN2A9dqj2IBDwqHwJUo9FMotkCC5Q63E1 (206)
[0831/161744.297:INFO:CONSOLE(20)] "UserManager.getUser: user loaded", source: https://ambev.checkmarx.net/CxWebClient/webApp/Scripts/libs/authenticationScripts?v=D6en8B9ViadcN2A9dqj2IBDwqHwJUo9FMotkCC5Q63E1 (20)
[0831/161744.298:INFO:CONSOLE(20)] "UserManager.getUser: user loaded", source: https://ambev.checkmarx.net/CxWebClient/webApp/Scripts/libs/authenticationScripts?v=D6en8B9ViadcN2A9dqj2IBDwqHwJUo9FMotkCC5Q63E1 (20)
[0831/161744.298:INFO:CONSOLE(257)] "user is logged in", source: https://ambev.checkmarx.net/CxWebClient/webApp/Scripts/libs/authenticationScripts?v=D6en8B9ViadcN2A9dqj2IBDwqHwJUo9FMotkCC5Q63E1 (257)
[0831/161744.298:INFO:CONSOLE(259)] "startSessionTimer", source: https://ambev.checkmarx.net/CxWebClient/webApp/Scripts/libs/authenticationScripts?v=D6en8B9ViadcN2A9dqj2IBDwqHwJUo9FMotkCC5Q63E1 (259)
[0831/161744.482:INFO:CONSOLE(157)] "get sessionTimeout :57600", source: https://ambev.checkmarx.net/CxWebClient/webApp/Scripts/libs/authenticationScripts?v=D6en8B9ViadcN2A9dqj2IBDwqHwJUo9FMotkCC5Q63E1 (157)
[0831/161744.484:INFO:CONSOLE(1)] "ARM is not installed.", source: https://ambev.checkmarx.net/CxWebClient/portal/Scripts/portal?v=jOT8lxGGDkQUjJtEP36MN4AYLqsTTOfwho25xDCLwX81 (1)
[0831/161744.484:INFO:CONSOLE(1)] "ARM is not installed.", source: https://ambev.checkmarx.net/CxWebClient/portal/Scripts/portal?v=jOT8lxGGDkQUjJtEP36MN4AYLqsTTOfwho25xDCLwX81 (1)
[0831/162150.980:INFO:CONSOLE(20)] "UserManager.signinSilent: successful, signed in sub:  55", source: https://ambev.checkmarx.net/CxWebClient/webApp/Scripts/libs/authenticationScripts?v=D6en8B9ViadcN2A9dqj2IBDwqHwJUo9FMotkCC5Q63E1 (20)
[0831/162436.264:INFO:CONSOLE(20)] "ResponseValidator._processSigninParams: Response was error login_required", source: https://ambev.checkmarx.net/CxWebClient/webApp/Scripts/libs/authenticationScripts?v=D6en8B9ViadcN2A9dqj2IBDwqHwJUo9FMotkCC5Q63E1 (20)
[0831/162436.265:INFO:CONSOLE(20)] "UserManager.removeUser: user removed from storage", source: https://ambev.checkmarx.net/CxWebClient/webApp/Scripts/libs/authenticationScripts?v=D6en8B9ViadcN2A9dqj2IBDwqHwJUo9FMotkCC5Q63E1 (20)
[0831/162436.265:INFO:CONSOLE(20)] "UserManager.getUser: user not found in storage", source: https://ambev.checkmarx.net/CxWebClient/webApp/Scripts/libs/authenticationScripts?v=D6en8B9ViadcN2A9dqj2IBDwqHwJUo9FMotkCC5Q63E1 (20)
[0831/162436.265:INFO:CONSOLE(253)] "try connecting to AC", source: https://ambev.checkmarx.net/CxWebClient/webApp/Scripts/libs/authenticationScripts?v=D6en8B9ViadcN2A9dqj2IBDwqHwJUo9FMotkCC5Q63E1 (253)
[0831/162436.267:INFO:CONSOLE(20)] "UserManager.signinRedirect: successful", source: https://ambev.checkmarx.net/CxWebClient/webApp/Scripts/libs/authenticationScripts?v=D6en8B9ViadcN2A9dqj2IBDwqHwJUo9FMotkCC5Q63E1 (20)
[0831/162436.267:INFO:CONSOLE(206)] "signinRedirect succeeded", source: https://ambev.checkmarx.net/CxWebClient/webApp/Scripts/libs/authenticationScripts?v=D6en8B9ViadcN2A9dqj2IBDwqHwJUo9FMotkCC5Q63E1 (206)
